Using pre-set license
Built from '2021.2/staging' branch; Version is '2021.2.10f1 (ee872746220e) revision 15632167'; Using compiler version '192829333'; Build Type 'Release'
OS: 'Windows 11  (10.0.22621) 64bit Core' Language: 'en' Physical Memory: 32157 MB
BatchMode: 1, IsHumanControllingUs: 0, StartBugReporterOnCrash: 0, Is64bit: 1, IsPro: 0

COMMAND LINE ARGUMENTS:
D:\Unity\2021.2.10f1\Editor\Unity.exe
-adb2
-batchMode
-noUpm
-name
AssetImportWorker2
-projectPath
C:/Users/jonah/Desktop/Saved Work/LevelDesign/Level Design 4
-logFile
Logs/AssetImportWorker2.log
-srvPort
59359
Successfully changed project path to: C:/Users/jonah/Desktop/Saved Work/LevelDesign/Level Design 4
C:/Users/jonah/Desktop/Saved Work/LevelDesign/Level Design 4
[UnityMemory] Configuration Parameters - Can be set up in boot.config
    "memorysetup-bucket-allocator-granularity=16"
    "memorysetup-bucket-allocator-bucket-count=8"
    "memorysetup-bucket-allocator-block-size=33554432"
    "memorysetup-bucket-allocator-block-count=8"
    "memorysetup-main-allocator-block-size=16777216"
    "memorysetup-thread-allocator-block-size=16777216"
    "memorysetup-gfx-main-allocator-block-size=16777216"
    "memorysetup-gfx-thread-allocator-block-size=16777216"
    "memorysetup-cache-allocator-block-size=4194304"
    "memorysetup-typetree-allocator-block-size=2097152"
    "memorysetup-profiler-bucket-allocator-granularity=16"
    "memorysetup-profiler-bucket-allocator-bucket-count=8"
    "memorysetup-profiler-bucket-allocator-block-size=33554432"
    "memorysetup-profiler-bucket-allocator-block-count=8"
    "memorysetup-profiler-allocator-block-size=16777216"
    "memorysetup-profiler-editor-allocator-block-size=1048576"
    "memorysetup-temp-allocator-size-main=16777216"
    "memorysetup-job-temp-allocator-block-size=2097152"
    "memorysetup-job-temp-allocator-block-size-background=1048576"
    "memorysetup-job-temp-allocator-reduction-small-platforms=262144"
    "memorysetup-temp-allocator-size-background-worker=32768"
    "memorysetup-temp-allocator-size-job-worker=262144"
    "memorysetup-temp-allocator-size-preload-manager=33554432"
    "memorysetup-temp-allocator-size-nav-mesh-worker=65536"
    "memorysetup-temp-allocator-size-audio-worker=65536"
    "memorysetup-temp-allocator-size-cloud-worker=32768"
    "memorysetup-temp-allocator-size-gi-baking-worker=262144"
    "memorysetup-temp-allocator-size-gfx=262144"
Refreshing native plugins compatible for Editor in 79.26 ms, found 1 plugins.
Preloading 0 native plugins for Editor in 0.00 ms.
Initialize engine version: 2021.2.10f1 (ee872746220e)
[Subsystems] Discovering subsystems at path D:/Unity/2021.2.10f1/Editor/Data/Resources/UnitySubsystems
[Subsystems] Discovering subsystems at path C:/Users/jonah/Desktop/Saved Work/LevelDesign/Level Design 4/Assets
GfxDevice: creating device client; threaded=0; jobified=0
Direct3D:
    Version:  Direct3D 11.0 [level 11.1]
    Renderer: NVIDIA GeForce RTX 3080 Laptop GPU (ID=0x249c)
    Vendor:   NVIDIA
    VRAM:     16191 MB
    Driver:   31.0.15.2849
Initialize mono
Mono path[0] = 'D:/Unity/2021.2.10f1/Editor/Data/Managed'
Mono path[1] = 'D:/Unity/2021.2.10f1/Editor/Data/MonoBleedingEdge/lib/mono/unityjit-win32'
Mono config path = 'D:/Unity/2021.2.10f1/Editor/Data/MonoBleedingEdge/etc'
Using monoOptions --debugger-agent=transport=dt_socket,embedding=1,server=y,suspend=n,address=127.0.0.1:56248
Begin MonoManager ReloadAssembly
Registering precompiled unity dll's ...
Register platform support module: D:/Unity/2021.2.10f1/Editor/Data/PlaybackEngines/WebGLSupport/UnityEditor.WebGL.Extensions.dll
Register platform support module: D:/Unity/2021.2.10f1/Editor/Data/PlaybackEngines/WindowsStandaloneSupport/UnityEditor.WindowsStandalone.Extensions.dll
Registered in 0.002249 seconds.
Native extension for WindowsStandalone target not found
Native extension for WebGL target not found
Refreshing native plugins compatible for Editor in 69.20 ms, found 1 plugins.
Preloading 0 native plugins for Editor in 0.00 ms.
Mono: successfully reloaded assembly
- Completed reload, in  0.550 seconds
Domain Reload Profiling:
	ReloadAssembly (551ms)
		BeginReloadAssembly (77ms)
			ExecutionOrderSort (0ms)
			DisableScriptedObjects (0ms)
			BackupInstance (0ms)
			ReleaseScriptingObjects (0ms)
			CreateAndSetChildDomain (1ms)
		EndReloadAssembly (418ms)
			LoadAssemblies (77ms)
			RebuildTransferFunctionScriptingTraits (0ms)
			SetupTypeCache (81ms)
			ReleaseScriptCaches (0ms)
			RebuildScriptCaches (22ms)
			SetupLoadedEditorAssemblies (273ms)
				LogAssemblyErrors (0ms)
				InitializePlatformSupportModulesInManaged (13ms)
				SetLoadedEditorAssemblies (0ms)
				RefreshPlugins (69ms)
				BeforeProcessingInitializeOnLoad (2ms)
				ProcessInitializeOnLoadAttributes (148ms)
				ProcessInitializeOnLoadMethodAttributes (40ms)
				AfterProcessingInitializeOnLoad (0ms)
				EditorAssembliesLoaded (0ms)
			ExecutionOrderSort2 (0ms)
			AwakeInstancesAfterBackupRestoration (0ms)
Platform modules already initialized, skipping
Registering precompiled user dll's ...
Registered in 0.002068 seconds.
Begin MonoManager ReloadAssembly
Symbol file LoadedFromMemory doesn't match image C:\Users\jonah\Desktop\Saved Work\LevelDesign\Level Design 4\Library\PackageCache\com.unity.visualscripting@1.7.6\Editor\VisualScripting.Core\Dependencies\YamlDotNet\Unity.VisualScripting.YamlDotNet.dll
Symbol file LoadedFromMemory doesn't match image C:\Users\jonah\Desktop\Saved Work\LevelDesign\Level Design 4\Library\PackageCache\com.unity.visualscripting@1.7.6\Editor\VisualScripting.Core\Dependencies\DotNetZip\Unity.VisualScripting.IonicZip.dll
Native extension for WindowsStandalone target not found
Native extension for WebGL target not found
Refreshing native plugins compatible for Editor in 59.26 ms, found 1 plugins.
Preloading 0 native plugins for Editor in 0.00 ms.
Mono: successfully reloaded assembly
- Completed reload, in  0.857 seconds
Domain Reload Profiling:
	ReloadAssembly (858ms)
		BeginReloadAssembly (110ms)
			ExecutionOrderSort (0ms)
			DisableScriptedObjects (5ms)
			BackupInstance (0ms)
			ReleaseScriptingObjects (0ms)
			CreateAndSetChildDomain (18ms)
		EndReloadAssembly (664ms)
			LoadAssemblies (78ms)
			RebuildTransferFunctionScriptingTraits (0ms)
			SetupTypeCache (169ms)
			ReleaseScriptCaches (1ms)
			RebuildScriptCaches (40ms)
			SetupLoadedEditorAssemblies (362ms)
				LogAssemblyErrors (0ms)
				InitializePlatformSupportModulesInManaged (9ms)
				SetLoadedEditorAssemblies (0ms)
				RefreshPlugins (59ms)
				BeforeProcessingInitializeOnLoad (75ms)
				ProcessInitializeOnLoadAttributes (202ms)
				ProcessInitializeOnLoadMethodAttributes (14ms)
				AfterProcessingInitializeOnLoad (2ms)
				EditorAssembliesLoaded (0ms)
			ExecutionOrderSort2 (0ms)
			AwakeInstancesAfterBackupRestoration (5ms)
Platform modules already initialized, skipping
========================================================================
Worker process is ready to serve import requests
Launched and connected shader compiler UnityShaderCompiler.exe after 0.04 seconds
Refreshing native plugins compatible for Editor in 0.97 ms, found 1 plugins.
Preloading 0 native plugins for Editor in 0.00 ms.
Unloading 3282 Unused Serialized files (Serialized files now loaded: 0)
Unloading 37 unused Assets / (1.6 MB). Loaded Objects now: 3769.
Memory consumption went from 145.0 MB to 143.5 MB.
Total: 5.519500 ms (FindLiveObjects: 0.546100 ms CreateObjectMapping: 0.314100 ms MarkObjects: 4.091000 ms  DeleteObjects: 0.566400 ms)

AssetImportParameters requested are different than current active one (requested -> active):
  custom:video-decoder-ogg-theora: a1e56fd34408186e4bbccfd4996cb3dc -> 
  custom:container-muxer-webm: aa71ff27fc2769a1b78a27578f13a17b -> 
  custom:container-demuxer-webm: 4f35f7cbe854078d1ac9338744f61a02 -> 
  custom:video-encoder-webm-vp8: eb34c28f22e8b96e1ab97ce403110664 -> 
  custom:audio-encoder-webm-vorbis: bf7c407c2cedff20999df2af8eb42d56 -> 
  custom:framework-win-MediaFoundation: 216162199b28c13a410421893ffa2e32 -> 
  custom:container-demuxer-ogg: 62fdf1f143b41e24485cea50d1cbac27 -> 
  custom:video-decoder-webm-vp8: 9c59270c3fd7afecdb556c50c9e8de78 -> 
  custom:audio-decoder-ogg-vorbis: bf7c407c2cedff20999df2af8eb42d56 -> 
========================================================================
Received Import Request.
  Time since last request: 582160.549341 seconds.
  path: Assets/SkythianCat/Hand_Painted_Nature_Kit_LITE/Materials/Bark3-2.mat
  artifactKey: Guid(cc60ec32b64abd84ba21af6ca87441bf) Importer(815301076,1909f56bfc062723c751e8b465ee728b)
Start importing Assets/SkythianCat/Hand_Painted_Nature_Kit_LITE/Materials/Bark3-2.mat using Guid(cc60ec32b64abd84ba21af6ca87441bf) Importer(815301076,1909f56bfc062723c751e8b465ee728b)  -> (artifact id: '634b24fed225734eb9f06e3b160417ed') in 0.120362 seconds 
========================================================================
Received Import Request.
  Time since last request: 0.000026 seconds.
  path: Packages/com.unity.probuilder/Content/Resources/Materials/NoDraw.mat
  artifactKey: Guid(8cb4d6fee77fd4ee6895f08b240d625f) Importer(815301076,1909f56bfc062723c751e8b465ee728b)
Start importing Packages/com.unity.probuilder/Content/Resources/Materials/NoDraw.mat using Guid(8cb4d6fee77fd4ee6895f08b240d625f) Importer(815301076,1909f56bfc062723c751e8b465ee728b)  -> (artifact id: '8c6a1f980bc877225fe11d82d2505b1d') in 0.056557 seconds 
========================================================================
Received Import Request.
  Time since last request: 15.883727 seconds.
  path: Assets/Prefabs/Fence Side.prefab
  artifactKey: Guid(7091c33cc0d05e3438d55eb6f7156eb5) Importer(815301076,1909f56bfc062723c751e8b465ee728b)
Start importing Assets/Prefabs/Fence Side.prefab using Guid(7091c33cc0d05e3438d55eb6f7156eb5) Importer(815301076,1909f56bfc062723c751e8b465ee728b)  -> (artifact id: 'c0f2f8e2c9457962972ddd5372d747f0') in 0.036766 seconds 
========================================================================
Received Import Request.
  Time since last request: 9.760392 seconds.
  path: Assets/Prefabs/Fence Side (1).prefab
  artifactKey: Guid(f4c6bfc2fe524b8489b58e14efdc8901) Importer(815301076,1909f56bfc062723c751e8b465ee728b)
Start importing Assets/Prefabs/Fence Side (1).prefab using Guid(f4c6bfc2fe524b8489b58e14efdc8901) Importer(815301076,1909f56bfc062723c751e8b465ee728b)  -> (artifact id: '8e226f34a947a4dcd8fc824a58384379') in 0.019905 seconds 
========================================================================
Received Prepare
Registering precompiled user dll's ...
Registered in 0.002038 seconds.
Begin MonoManager ReloadAssembly
Symbol file LoadedFromMemory doesn't match image C:\Users\jonah\Desktop\Saved Work\LevelDesign\Level Design 4\Library\PackageCache\com.unity.visualscripting@1.7.6\Editor\VisualScripting.Core\Dependencies\YamlDotNet\Unity.VisualScripting.YamlDotNet.dll
Symbol file LoadedFromMemory doesn't match image C:\Users\jonah\Desktop\Saved Work\LevelDesign\Level Design 4\Library\PackageCache\com.unity.visualscripting@1.7.6\Editor\VisualScripting.Core\Dependencies\DotNetZip\Unity.VisualScripting.IonicZip.dll
Native extension for WindowsStandalone target not found
Native extension for WebGL target not found
Refreshing native plugins compatible for Editor in 0.52 ms, found 1 plugins.
Preloading 0 native plugins for Editor in 0.00 ms.
Mono: successfully reloaded assembly
- Completed reload, in  0.769 seconds
Domain Reload Profiling:
	ReloadAssembly (770ms)
		BeginReloadAssembly (124ms)
			ExecutionOrderSort (0ms)
			DisableScriptedObjects (3ms)
			BackupInstance (0ms)
			ReleaseScriptingObjects (0ms)
			CreateAndSetChildDomain (29ms)
		EndReloadAssembly (573ms)
			LoadAssemblies (78ms)
			RebuildTransferFunctionScriptingTraits (0ms)
			SetupTypeCache (166ms)
			ReleaseScriptCaches (1ms)
			RebuildScriptCaches (32ms)
			SetupLoadedEditorAssemblies (280ms)
				LogAssemblyErrors (0ms)
				InitializePlatformSupportModulesInManaged (10ms)
				SetLoadedEditorAssemblies (0ms)
				RefreshPlugins (1ms)
				BeforeProcessingInitializeOnLoad (50ms)
				ProcessInitializeOnLoadAttributes (201ms)
				ProcessInitializeOnLoadMethodAttributes (16ms)
				AfterProcessingInitializeOnLoad (3ms)
				EditorAssembliesLoaded (0ms)
			ExecutionOrderSort2 (0ms)
			AwakeInstancesAfterBackupRestoration (5ms)
Platform modules already initialized, skipping
Refreshing native plugins compatible for Editor in 0.56 ms, found 1 plugins.
Preloading 0 native plugins for Editor in 0.00 ms.
Unloading 3221 Unused Serialized files (Serialized files now loaded: 0)
Unloading 22 unused Assets / (1.5 MB). Loaded Objects now: 3811.
Memory consumption went from 144.1 MB to 142.6 MB.
Total: 3.503900 ms (FindLiveObjects: 0.317800 ms CreateObjectMapping: 0.251100 ms MarkObjects: 2.535300 ms  DeleteObjects: 0.397900 ms)

AssetImportParameters requested are different than current active one (requested -> active):
  custom:video-decoder-ogg-theora: a1e56fd34408186e4bbccfd4996cb3dc -> 
  custom:container-muxer-webm: aa71ff27fc2769a1b78a27578f13a17b -> 
  custom:container-demuxer-webm: 4f35f7cbe854078d1ac9338744f61a02 -> 
  custom:video-encoder-webm-vp8: eb34c28f22e8b96e1ab97ce403110664 -> 
  custom:audio-encoder-webm-vorbis: bf7c407c2cedff20999df2af8eb42d56 -> 
  custom:framework-win-MediaFoundation: 216162199b28c13a410421893ffa2e32 -> 
  custom:container-demuxer-ogg: 62fdf1f143b41e24485cea50d1cbac27 -> 
  custom:video-decoder-webm-vp8: 9c59270c3fd7afecdb556c50c9e8de78 -> 
  custom:audio-decoder-ogg-vorbis: bf7c407c2cedff20999df2af8eb42d56 -> 
========================================================================
Received Import Request.
  Time since last request: 459.265192 seconds.
  path: Assets/Water Controller.controller
  artifactKey: Guid(ae8a842fc69443546ba2e10bb2ab3479) Importer(815301076,1909f56bfc062723c751e8b465ee728b)
Start importing Assets/Water Controller.controller using Guid(ae8a842fc69443546ba2e10bb2ab3479) Importer(815301076,1909f56bfc062723c751e8b465ee728b)  -> (artifact id: '819b292dbd9dedfe3bfdf986e063a893') in 0.024507 seconds 
========================================================================
Received Import Request.
  Time since last request: 12.491505 seconds.
  path: Assets/Stylize Water Texture/Materials
  artifactKey: Guid(855350d72edd5b546aba24877b32789a) Importer(815301076,1909f56bfc062723c751e8b465ee728b)
Start importing Assets/Stylize Water Texture/Materials using Guid(855350d72edd5b546aba24877b32789a) Importer(815301076,1909f56bfc062723c751e8b465ee728b)  -> (artifact id: '016e19b09b3027c75407df528b03f1a3') in 0.004575 seconds 
========================================================================
Received Import Request.
  Time since last request: 0.938749 seconds.
  path: Assets/Stylize Water Texture
  artifactKey: Guid(c0e54e15b6edef84fb782abd4b62dd6b) Importer(815301076,1909f56bfc062723c751e8b465ee728b)
Start importing Assets/Stylize Water Texture using Guid(c0e54e15b6edef84fb782abd4b62dd6b) Importer(815301076,1909f56bfc062723c751e8b465ee728b)  -> (artifact id: '30169317154bf1d4841b21deaf3b694e') in 0.004771 seconds 
========================================================================
Received Import Request.
  Time since last request: 52.701872 seconds.
  path: Assets/Materials/Hand_Painted_Nature_Kit_LITE
  artifactKey: Guid(605a6b0b24c0a8245b8935c724e73656) Importer(815301076,1909f56bfc062723c751e8b465ee728b)
Start importing Assets/Materials/Hand_Painted_Nature_Kit_LITE using Guid(605a6b0b24c0a8245b8935c724e73656) Importer(815301076,1909f56bfc062723c751e8b465ee728b)  -> (artifact id: '6754b1834a5cf1b22d3c75a4c2bb92d1') in 0.005177 seconds 
========================================================================
Received Import Request.
  Time since last request: 4.508508 seconds.
  path: Assets/SkythianCat
  artifactKey: Guid(419263af130a32c45ba54b7f64e318ef) Importer(815301076,1909f56bfc062723c751e8b465ee728b)
Start importing Assets/SkythianCat using Guid(419263af130a32c45ba54b7f64e318ef) Importer(815301076,1909f56bfc062723c751e8b465ee728b)  -> (artifact id: 'bf8342318047b3e998b03293f35679da') in 0.004922 seconds 
========================================================================
Received Import Request.
  Time since last request: 19.638955 seconds.
  path: Assets/Animations
  artifactKey: Guid(4d9869c377179a1488ccf1594a265205) Importer(815301076,1909f56bfc062723c751e8b465ee728b)
Start importing Assets/Animations using Guid(4d9869c377179a1488ccf1594a265205) Importer(815301076,1909f56bfc062723c751e8b465ee728b)  -> (artifact id: '618b52f0568fc015f9cf4836058f965a') in 0.004994 seconds 
========================================================================
Received Import Request.
  Time since last request: 4.347485 seconds.
  path: Assets/Animations/Water Controller.controller
  artifactKey: Guid(ae8a842fc69443546ba2e10bb2ab3479) Importer(815301076,1909f56bfc062723c751e8b465ee728b)
Start importing Assets/Animations/Water Controller.controller using Guid(ae8a842fc69443546ba2e10bb2ab3479) Importer(815301076,1909f56bfc062723c751e8b465ee728b)  -> (artifact id: '45e2bb8adb37962bf6ef73a4ec14cb3d') in 0.002382 seconds 
========================================================================
Received Import Request.
  Time since last request: 26.613510 seconds.
  path: Assets/Animations/Water Idle.anim
  artifactKey: Guid(a04c334204bec6940a5a42e4b914d2ec) Importer(815301076,1909f56bfc062723c751e8b465ee728b)
Start importing Assets/Animations/Water Idle.anim using Guid(a04c334204bec6940a5a42e4b914d2ec) Importer(815301076,1909f56bfc062723c751e8b465ee728b)  -> (artifact id: '8f04c48174a2670cf2e0cc427452091f') in 0.008427 seconds 
========================================================================
Received Prepare
Registering precompiled user dll's ...
Registered in 0.002014 seconds.
Begin MonoManager ReloadAssembly
Symbol file LoadedFromMemory doesn't match image C:\Users\jonah\Desktop\Saved Work\LevelDesign\Level Design 4\Library\PackageCache\com.unity.visualscripting@1.7.6\Editor\VisualScripting.Core\Dependencies\YamlDotNet\Unity.VisualScripting.YamlDotNet.dll
Symbol file LoadedFromMemory doesn't match image C:\Users\jonah\Desktop\Saved Work\LevelDesign\Level Design 4\Library\PackageCache\com.unity.visualscripting@1.7.6\Editor\VisualScripting.Core\Dependencies\DotNetZip\Unity.VisualScripting.IonicZip.dll
Native extension for WindowsStandalone target not found
Native extension for WebGL target not found
Refreshing native plugins compatible for Editor in 0.52 ms, found 1 plugins.
Preloading 0 native plugins for Editor in 0.00 ms.
Mono: successfully reloaded assembly
- Completed reload, in  0.767 seconds
Domain Reload Profiling:
	ReloadAssembly (768ms)
		BeginReloadAssembly (121ms)
			ExecutionOrderSort (0ms)
			DisableScriptedObjects (5ms)
			BackupInstance (0ms)
			ReleaseScriptingObjects (0ms)
			CreateAndSetChildDomain (28ms)
		EndReloadAssembly (574ms)
			LoadAssemblies (74ms)
			RebuildTransferFunctionScriptingTraits (0ms)
			SetupTypeCache (163ms)
			ReleaseScriptCaches (1ms)
			RebuildScriptCaches (32ms)
			SetupLoadedEditorAssemblies (283ms)
				LogAssemblyErrors (0ms)
				InitializePlatformSupportModulesInManaged (11ms)
				SetLoadedEditorAssemblies (0ms)
				RefreshPlugins (1ms)
				BeforeProcessingInitializeOnLoad (49ms)
				ProcessInitializeOnLoadAttributes (203ms)
				ProcessInitializeOnLoadMethodAttributes (17ms)
				AfterProcessingInitializeOnLoad (2ms)
				EditorAssembliesLoaded (0ms)
			ExecutionOrderSort2 (0ms)
			AwakeInstancesAfterBackupRestoration (5ms)
Platform modules already initialized, skipping
Refreshing native plugins compatible for Editor in 0.88 ms, found 1 plugins.
Preloading 0 native plugins for Editor in 0.00 ms.
Unloading 3221 Unused Serialized files (Serialized files now loaded: 0)
Unloading 22 unused Assets / (1.5 MB). Loaded Objects now: 3813.
Memory consumption went from 144.1 MB to 142.6 MB.
Total: 4.028400 ms (FindLiveObjects: 0.328900 ms CreateObjectMapping: 0.102000 ms MarkObjects: 3.244100 ms  DeleteObjects: 0.351700 ms)

AssetImportParameters requested are different than current active one (requested -> active):
  custom:video-decoder-ogg-theora: a1e56fd34408186e4bbccfd4996cb3dc -> 
  custom:container-muxer-webm: aa71ff27fc2769a1b78a27578f13a17b -> 
  custom:container-demuxer-webm: 4f35f7cbe854078d1ac9338744f61a02 -> 
  custom:video-encoder-webm-vp8: eb34c28f22e8b96e1ab97ce403110664 -> 
  custom:audio-encoder-webm-vorbis: bf7c407c2cedff20999df2af8eb42d56 -> 
  custom:framework-win-MediaFoundation: 216162199b28c13a410421893ffa2e32 -> 
  custom:container-demuxer-ogg: 62fdf1f143b41e24485cea50d1cbac27 -> 
  custom:video-decoder-webm-vp8: 9c59270c3fd7afecdb556c50c9e8de78 -> 
  custom:audio-decoder-ogg-vorbis: bf7c407c2cedff20999df2af8eb42d56 -> 
========================================================================
Received Prepare
Registering precompiled user dll's ...
Registered in 0.002258 seconds.
Begin MonoManager ReloadAssembly
Symbol file LoadedFromMemory doesn't match image C:\Users\jonah\Desktop\Saved Work\LevelDesign\Level Design 4\Library\PackageCache\com.unity.visualscripting@1.7.6\Editor\VisualScripting.Core\Dependencies\YamlDotNet\Unity.VisualScripting.YamlDotNet.dll
Symbol file LoadedFromMemory doesn't match image C:\Users\jonah\Desktop\Saved Work\LevelDesign\Level Design 4\Library\PackageCache\com.unity.visualscripting@1.7.6\Editor\VisualScripting.Core\Dependencies\DotNetZip\Unity.VisualScripting.IonicZip.dll
Native extension for WindowsStandalone target not found
Native extension for WebGL target not found
Refreshing native plugins compatible for Editor in 0.54 ms, found 1 plugins.
Preloading 0 native plugins for Editor in 0.00 ms.
Mono: successfully reloaded assembly
- Completed reload, in  0.775 seconds
Domain Reload Profiling:
	ReloadAssembly (776ms)
		BeginReloadAssembly (124ms)
			ExecutionOrderSort (0ms)
			DisableScriptedObjects (5ms)
			BackupInstance (0ms)
			ReleaseScriptingObjects (0ms)
			CreateAndSetChildDomain (34ms)
		EndReloadAssembly (576ms)
			LoadAssemblies (72ms)
			RebuildTransferFunctionScriptingTraits (0ms)
			SetupTypeCache (171ms)
			ReleaseScriptCaches (1ms)
			RebuildScriptCaches (32ms)
			SetupLoadedEditorAssemblies (279ms)
				LogAssemblyErrors (0ms)
				InitializePlatformSupportModulesInManaged (10ms)
				SetLoadedEditorAssemblies (0ms)
				RefreshPlugins (1ms)
				BeforeProcessingInitializeOnLoad (48ms)
				ProcessInitializeOnLoadAttributes (201ms)
				ProcessInitializeOnLoadMethodAttributes (16ms)
				AfterProcessingInitializeOnLoad (2ms)
				EditorAssembliesLoaded (0ms)
			ExecutionOrderSort2 (0ms)
			AwakeInstancesAfterBackupRestoration (5ms)
Platform modules already initialized, skipping
Refreshing native plugins compatible for Editor in 0.82 ms, found 1 plugins.
Preloading 0 native plugins for Editor in 0.00 ms.
Unloading 3221 Unused Serialized files (Serialized files now loaded: 0)
Unloading 22 unused Assets / (1.5 MB). Loaded Objects now: 3815.
Memory consumption went from 144.2 MB to 142.6 MB.
Total: 3.220300 ms (FindLiveObjects: 0.283600 ms CreateObjectMapping: 0.197400 ms MarkObjects: 2.307900 ms  DeleteObjects: 0.430200 ms)

AssetImportParameters requested are different than current active one (requested -> active):
  custom:video-decoder-ogg-theora: a1e56fd34408186e4bbccfd4996cb3dc -> 
  custom:container-muxer-webm: aa71ff27fc2769a1b78a27578f13a17b -> 
  custom:container-demuxer-webm: 4f35f7cbe854078d1ac9338744f61a02 -> 
  custom:video-encoder-webm-vp8: eb34c28f22e8b96e1ab97ce403110664 -> 
  custom:audio-encoder-webm-vorbis: bf7c407c2cedff20999df2af8eb42d56 -> 
  custom:framework-win-MediaFoundation: 216162199b28c13a410421893ffa2e32 -> 
  custom:container-demuxer-ogg: 62fdf1f143b41e24485cea50d1cbac27 -> 
  custom:video-decoder-webm-vp8: 9c59270c3fd7afecdb556c50c9e8de78 -> 
  custom:audio-decoder-ogg-vorbis: bf7c407c2cedff20999df2af8eb42d56 -> 
========================================================================
Received Prepare
Registering precompiled user dll's ...
Registered in 0.002331 seconds.
Begin MonoManager ReloadAssembly
Symbol file LoadedFromMemory doesn't match image C:\Users\jonah\Desktop\Saved Work\LevelDesign\Level Design 4\Library\PackageCache\com.unity.visualscripting@1.7.6\Editor\VisualScripting.Core\Dependencies\YamlDotNet\Unity.VisualScripting.YamlDotNet.dll
Symbol file LoadedFromMemory doesn't match image C:\Users\jonah\Desktop\Saved Work\LevelDesign\Level Design 4\Library\PackageCache\com.unity.visualscripting@1.7.6\Editor\VisualScripting.Core\Dependencies\DotNetZip\Unity.VisualScripting.IonicZip.dll
Native extension for WindowsStandalone target not found
Native extension for WebGL target not found
Refreshing native plugins compatible for Editor in 0.53 ms, found 1 plugins.
Preloading 0 native plugins for Editor in 0.00 ms.
Mono: successfully reloaded assembly
- Completed reload, in  0.754 seconds
Domain Reload Profiling:
	ReloadAssembly (754ms)
		BeginReloadAssembly (122ms)
			ExecutionOrderSort (0ms)
			DisableScriptedObjects (5ms)
			BackupInstance (0ms)
			ReleaseScriptingObjects (0ms)
			CreateAndSetChildDomain (27ms)
		EndReloadAssembly (560ms)
			LoadAssemblies (78ms)
			RebuildTransferFunctionScriptingTraits (0ms)
			SetupTypeCache (164ms)
			ReleaseScriptCaches (1ms)
			RebuildScriptCaches (32ms)
			SetupLoadedEditorAssemblies (269ms)
				LogAssemblyErrors (0ms)
				InitializePlatformSupportModulesInManaged (10ms)
				SetLoadedEditorAssemblies (0ms)
				RefreshPlugins (1ms)
				BeforeProcessingInitializeOnLoad (48ms)
				ProcessInitializeOnLoadAttributes (193ms)
				ProcessInitializeOnLoadMethodAttributes (16ms)
				AfterProcessingInitializeOnLoad (2ms)
				EditorAssembliesLoaded (0ms)
			ExecutionOrderSort2 (0ms)
			AwakeInstancesAfterBackupRestoration (5ms)
Platform modules already initialized, skipping
Refreshing native plugins compatible for Editor in 0.58 ms, found 1 plugins.
Preloading 0 native plugins for Editor in 0.00 ms.
Unloading 3221 Unused Serialized files (Serialized files now loaded: 0)
Unloading 22 unused Assets / (1.5 MB). Loaded Objects now: 3817.
Memory consumption went from 144.2 MB to 142.6 MB.
Total: 4.115900 ms (FindLiveObjects: 0.267900 ms CreateObjectMapping: 0.208500 ms MarkObjects: 3.281500 ms  DeleteObjects: 0.356500 ms)

AssetImportParameters requested are different than current active one (requested -> active):
  custom:video-decoder-ogg-theora: a1e56fd34408186e4bbccfd4996cb3dc -> 
  custom:container-muxer-webm: aa71ff27fc2769a1b78a27578f13a17b -> 
  custom:container-demuxer-webm: 4f35f7cbe854078d1ac9338744f61a02 -> 
  custom:video-encoder-webm-vp8: eb34c28f22e8b96e1ab97ce403110664 -> 
  custom:audio-encoder-webm-vorbis: bf7c407c2cedff20999df2af8eb42d56 -> 
  custom:framework-win-MediaFoundation: 216162199b28c13a410421893ffa2e32 -> 
  custom:container-demuxer-ogg: 62fdf1f143b41e24485cea50d1cbac27 -> 
  custom:video-decoder-webm-vp8: 9c59270c3fd7afecdb556c50c9e8de78 -> 
  custom:audio-decoder-ogg-vorbis: bf7c407c2cedff20999df2af8eb42d56 -> 
========================================================================
Received Import Request.
  Time since last request: 379.288259 seconds.
  path: Assets/Materials/Hand_Painted_Nature_Kit_LITE/Textures/Bark3-2.png
  artifactKey: Guid(0fa9aca141a7eeb429a446e57e5f223d) Importer(815301076,1909f56bfc062723c751e8b465ee728b)
Start importing Assets/Materials/Hand_Painted_Nature_Kit_LITE/Textures/Bark3-2.png using Guid(0fa9aca141a7eeb429a446e57e5f223d) Importer(815301076,1909f56bfc062723c751e8b465ee728b)  -> (artifact id: 'f63adfab28395edf4d7b3c3ae6066e5b') in 0.059865 seconds 
========================================================================
Received Import Request.
  Time since last request: 0.806614 seconds.
  path: Assets/Materials/Hand_Painted_Nature_Kit_LITE/Textures/Boletus_edulis_d.png
  artifactKey: Guid(14373323d28a92a45ad50a1cbca92733) Importer(815301076,1909f56bfc062723c751e8b465ee728b)
Start importing Assets/Materials/Hand_Painted_Nature_Kit_LITE/Textures/Boletus_edulis_d.png using Guid(14373323d28a92a45ad50a1cbca92733) Importer(815301076,1909f56bfc062723c751e8b465ee728b)  -> (artifact id: 'e6f46c7d2e195dc7e3b82ce9425c7cbd') in 0.014841 seconds 
========================================================================
Received Import Request.
  Time since last request: 0.859995 seconds.
  path: Assets/Materials/Hand_Painted_Nature_Kit_LITE/Textures/Cedar_branch_big.png
  artifactKey: Guid(f6dafded098e39047b4a62aa1dccc6bd) Importer(815301076,1909f56bfc062723c751e8b465ee728b)
Start importing Assets/Materials/Hand_Painted_Nature_Kit_LITE/Textures/Cedar_branch_big.png using Guid(f6dafded098e39047b4a62aa1dccc6bd) Importer(815301076,1909f56bfc062723c751e8b465ee728b)  -> (artifact id: 'e024e7a93a87f6d465187b3ae6df6b43') in 0.017104 seconds 
========================================================================
Received Import Request.
  Time since last request: 0.652319 seconds.
  path: Assets/Materials/Hand_Painted_Nature_Kit_LITE/Textures/Dandelion.png
  artifactKey: Guid(3cf9c1d3d0ccc0641a554e2be28946cd) Importer(815301076,1909f56bfc062723c751e8b465ee728b)
Start importing Assets/Materials/Hand_Painted_Nature_Kit_LITE/Textures/Dandelion.png using Guid(3cf9c1d3d0ccc0641a554e2be28946cd) Importer(815301076,1909f56bfc062723c751e8b465ee728b)  -> (artifact id: '9712aa3dbfbeba7c31e7e9514b595304') in 0.012663 seconds 
========================================================================
Received Import Request.
  Time since last request: 1.102327 seconds.
  path: Assets/Materials/Hand_Painted_Nature_Kit_LITE/Textures/Fern_branch.png
  artifactKey: Guid(535886e191b2c534d892b54705c8497e) Importer(815301076,1909f56bfc062723c751e8b465ee728b)
Start importing Assets/Materials/Hand_Painted_Nature_Kit_LITE/Textures/Fern_branch.png using Guid(535886e191b2c534d892b54705c8497e) Importer(815301076,1909f56bfc062723c751e8b465ee728b)  -> (artifact id: 'd91cbf4b94cd996bdafd365893c81c66') in 0.013882 seconds 
========================================================================
Received Import Request.
  Time since last request: 6.379868 seconds.
  path: Assets/Materials/Hand_Painted_Nature_Kit_LITE/Textures/Plantain.png
  artifactKey: Guid(e312d8c5a79a8d44eb44f8206c4265d8) Importer(815301076,1909f56bfc062723c751e8b465ee728b)
Start importing Assets/Materials/Hand_Painted_Nature_Kit_LITE/Textures/Plantain.png using Guid(e312d8c5a79a8d44eb44f8206c4265d8) Importer(815301076,1909f56bfc062723c751e8b465ee728b)  -> (artifact id: '2c39ea2e800d2bfc05cf6c182c4087d0') in 0.015822 seconds 
========================================================================
Received Import Request.
  Time since last request: 0.959511 seconds.
  path: Assets/Materials/Hand_Painted_Nature_Kit_LITE/Textures/Stump_tip_d.png
  artifactKey: Guid(2cdb8214248ee8f44b442b08bfd65dc0) Importer(815301076,1909f56bfc062723c751e8b465ee728b)
Start importing Assets/Materials/Hand_Painted_Nature_Kit_LITE/Textures/Stump_tip_d.png using Guid(2cdb8214248ee8f44b442b08bfd65dc0) Importer(815301076,1909f56bfc062723c751e8b465ee728b)  -> (artifact id: 'aebb62b9892eb258a28bdfbb1b6ed361') in 0.013041 seconds 
========================================================================
Received Import Request.
  Time since last request: 18.735215 seconds.
  path: Assets/Prefabs/Tree.prefab
  artifactKey: Guid(bba7248115c6b9642898d98f7a81f718) Importer(815301076,1909f56bfc062723c751e8b465ee728b)
Start importing Assets/Prefabs/Tree.prefab using Guid(bba7248115c6b9642898d98f7a81f718) Importer(815301076,1909f56bfc062723c751e8b465ee728b)  -> (artifact id: '5e277232faca5023009e60daf39f77a9') in 0.027793 seconds 
========================================================================
Received Import Request.
  Time since last request: 91.057782 seconds.
  path: Assets/Materials/Hand_Painted_Nature_Kit_LITE/Textures/Larch_branch.png
  artifactKey: Guid(7f6b1fc3e86e86b4497970014d94455a) Importer(815301076,1909f56bfc062723c751e8b465ee728b)
Start importing Assets/Materials/Hand_Painted_Nature_Kit_LITE/Textures/Larch_branch.png using Guid(7f6b1fc3e86e86b4497970014d94455a) Importer(815301076,1909f56bfc062723c751e8b465ee728b)  -> (artifact id: '8269d87200fedc382e14aa5d3d43258d') in 0.014671 seconds 
========================================================================
Received Import Request.
  Time since last request: 0.651436 seconds.
  path: Assets/Materials/Hand_Painted_Nature_Kit_LITE/Textures/Pine_branch.png
  artifactKey: Guid(b2a8f1bdabf6ae74aa82b7e3b2a03e44) Importer(815301076,1909f56bfc062723c751e8b465ee728b)
Start importing Assets/Materials/Hand_Painted_Nature_Kit_LITE/Textures/Pine_branch.png using Guid(b2a8f1bdabf6ae74aa82b7e3b2a03e44) Importer(815301076,1909f56bfc062723c751e8b465ee728b)  -> (artifact id: 'c1905ba4023bf51cb63d794c27a962e1') in 0.012481 seconds 
========================================================================
Received Import Request.
  Time since last request: 64.180846 seconds.
  path: Assets/Materials/Hand_Painted_Nature_Kit_LITE/Textures/Landscape/Grass3-1.png
  artifactKey: Guid(0b9e1434c93e97a439baeb3c3882af13) Importer(815301076,1909f56bfc062723c751e8b465ee728b)
Start importing Assets/Materials/Hand_Painted_Nature_Kit_LITE/Textures/Landscape/Grass3-1.png using Guid(0b9e1434c93e97a439baeb3c3882af13) Importer(815301076,1909f56bfc062723c751e8b465ee728b)  -> (artifact id: '0100c73667fcb613327af8708c6b79ca') in 0.012194 seconds 
========================================================================
Received Import Request.
  Time since last request: 3.182208 seconds.
  path: Assets/Materials/Hand_Painted_Nature_Kit_LITE/Textures/Landscape/Grass3-2.png
  artifactKey: Guid(c7a67d2f7119d7f4b91b3b64379cd04b) Importer(815301076,1909f56bfc062723c751e8b465ee728b)
Start importing Assets/Materials/Hand_Painted_Nature_Kit_LITE/Textures/Landscape/Grass3-2.png using Guid(c7a67d2f7119d7f4b91b3b64379cd04b) Importer(815301076,1909f56bfc062723c751e8b465ee728b)  -> (artifact id: 'e044f343d6c32cc4e231492766e63d09') in 0.022191 seconds 
========================================================================
Received Import Request.
  Time since last request: 8.954056 seconds.
  path: Assets/Materials/Hand_Painted_Nature_Kit_LITE/Textures/Landscape/Materials/Grass3-2.mat
  artifactKey: Guid(4c844f8246d83784b800580fd2f9aa92) Importer(815301076,1909f56bfc062723c751e8b465ee728b)
Start importing Assets/Materials/Hand_Painted_Nature_Kit_LITE/Textures/Landscape/Materials/Grass3-2.mat using Guid(4c844f8246d83784b800580fd2f9aa92) Importer(815301076,1909f56bfc062723c751e8b465ee728b)  -> (artifact id: '3c7346823ddff708e83b9a71da84826c') in 0.046586 seconds 
========================================================================
Received Import Request.
  Time since last request: 22.367335 seconds.
  path: Assets/Materials/Hand_Painted_Nature_Kit_LITE/Textures/Landscape/Grass3-3.png
  artifactKey: Guid(78dca53b8e27ff94a81c3078a7a7b057) Importer(815301076,1909f56bfc062723c751e8b465ee728b)
Start importing Assets/Materials/Hand_Painted_Nature_Kit_LITE/Textures/Landscape/Grass3-3.png using Guid(78dca53b8e27ff94a81c3078a7a7b057) Importer(815301076,1909f56bfc062723c751e8b465ee728b)  -> (artifact id: 'c78b9e74176a4c2699f973f464646b7d') in 0.013779 seconds 
========================================================================
Received Import Request.
  Time since last request: 57.186309 seconds.
  path: Assets/Materials/Hand_Painted_Nature_Kit_LITE/Textures/Landscape/Grass3-3.png
  artifactKey: Guid(78dca53b8e27ff94a81c3078a7a7b057) Importer(815301076,1909f56bfc062723c751e8b465ee728b)
Start importing Assets/Materials/Hand_Painted_Nature_Kit_LITE/Textures/Landscape/Grass3-3.png using Guid(78dca53b8e27ff94a81c3078a7a7b057) Importer(815301076,1909f56bfc062723c751e8b465ee728b)  -> (artifact id: '5f87a30e594638fe594ac3513d25662a') in 0.067243 seconds 
========================================================================
Received Import Request.
  Time since last request: 5.074433 seconds.
  path: Assets/Materials/Hand_Painted_Nature_Kit_LITE/Textures/Landscape/Grass3-3.png
  artifactKey: Guid(78dca53b8e27ff94a81c3078a7a7b057) Importer(815301076,1909f56bfc062723c751e8b465ee728b)
Start importing Assets/Materials/Hand_Painted_Nature_Kit_LITE/Textures/Landscape/Grass3-3.png using Guid(78dca53b8e27ff94a81c3078a7a7b057) Importer(815301076,1909f56bfc062723c751e8b465ee728b)  -> (artifact id: 'cc9451beba00d3f2d14ab55cc760c97c') in 0.010802 seconds 
========================================================================
Received Import Request.
  Time since last request: 28.677751 seconds.
  path: Assets/Prefabs/Ground.prefab
  artifactKey: Guid(62cd9581228ba204282c51c378b58bcd) Importer(815301076,1909f56bfc062723c751e8b465ee728b)
Start importing Assets/Prefabs/Ground.prefab using Guid(62cd9581228ba204282c51c378b58bcd) Importer(815301076,1909f56bfc062723c751e8b465ee728b)  -> (artifact id: '55a39ee640018ec98d7af6839482be81') in 0.009094 seconds 
========================================================================
Received Import Request.
  Time since last request: 58.250229 seconds.
  path: Assets/Prefabs/Fence Side.prefab
  artifactKey: Guid(7091c33cc0d05e3438d55eb6f7156eb5) Importer(815301076,1909f56bfc062723c751e8b465ee728b)
Start importing Assets/Prefabs/Fence Side.prefab using Guid(7091c33cc0d05e3438d55eb6f7156eb5) Importer(815301076,1909f56bfc062723c751e8b465ee728b)  -> (artifact id: '5f53e2b8553a76588fceffa1e2ee6029') in 0.015800 seconds 
========================================================================
Received Import Request.
  Time since last request: 29.920966 seconds.
  path: Assets/Materials/Hand_Painted_Nature_Kit_LITE/Textures/Landscape/Materials/Road3-3.mat
  artifactKey: Guid(9f5feb8d316af394b8712625f3483f8d) Importer(815301076,1909f56bfc062723c751e8b465ee728b)
Start importing Assets/Materials/Hand_Painted_Nature_Kit_LITE/Textures/Landscape/Materials/Road3-3.mat using Guid(9f5feb8d316af394b8712625f3483f8d) Importer(815301076,1909f56bfc062723c751e8b465ee728b)  -> (artifact id: '5c0cd1ef7e327d3c8f12a66679e200af') in 0.013177 seconds 
========================================================================
Received Import Request.
  Time since last request: 0.909699 seconds.
  path: Assets/Materials/Hand_Painted_Nature_Kit_LITE/Textures/Landscape/Materials/Road3-2.mat
  artifactKey: Guid(3e5467ec35724254eacbe3abcefba541) Importer(815301076,1909f56bfc062723c751e8b465ee728b)
Start importing Assets/Materials/Hand_Painted_Nature_Kit_LITE/Textures/Landscape/Materials/Road3-2.mat using Guid(3e5467ec35724254eacbe3abcefba541) Importer(815301076,1909f56bfc062723c751e8b465ee728b)  -> (artifact id: 'f3dd61171c98922cd40b877c440118e8') in 0.012900 seconds 
========================================================================
Received Import Request.
  Time since last request: 9.216442 seconds.
  path: Assets/Materials/Hand_Painted_Nature_Kit_LITE/Textures/Landscape/Materials/Ground5-1.mat
  artifactKey: Guid(e682a7cc97c65654681d3631f203878e) Importer(815301076,1909f56bfc062723c751e8b465ee728b)
Start importing Assets/Materials/Hand_Painted_Nature_Kit_LITE/Textures/Landscape/Materials/Ground5-1.mat using Guid(e682a7cc97c65654681d3631f203878e) Importer(815301076,1909f56bfc062723c751e8b465ee728b)  -> (artifact id: 'b257b59335ee43369349d525581a9296') in 0.013526 seconds 
========================================================================
Received Import Request.
  Time since last request: 0.867261 seconds.
  path: Assets/Materials/Hand_Painted_Nature_Kit_LITE/Textures/Landscape/Materials/Grass3-1.mat
  artifactKey: Guid(9564bc1f9eda77a4a9270197913c66ab) Importer(815301076,1909f56bfc062723c751e8b465ee728b)
Start importing Assets/Materials/Hand_Painted_Nature_Kit_LITE/Textures/Landscape/Materials/Grass3-1.mat using Guid(9564bc1f9eda77a4a9270197913c66ab) Importer(815301076,1909f56bfc062723c751e8b465ee728b)  -> (artifact id: '850c4d97107943cec528b7d64b9fb724') in 0.018484 seconds 
========================================================================
Received Import Request.
  Time since last request: 0.000021 seconds.
  path: Assets/Materials/Hand_Painted_Nature_Kit_LITE/Textures/Landscape/Materials/Grass_landscape03.mat
  artifactKey: Guid(96779eadb59eec041bf6c20a41e85aaa) Importer(815301076,1909f56bfc062723c751e8b465ee728b)
Start importing Assets/Materials/Hand_Painted_Nature_Kit_LITE/Textures/Landscape/Materials/Grass_landscape03.mat using Guid(96779eadb59eec041bf6c20a41e85aaa) Importer(815301076,1909f56bfc062723c751e8b465ee728b)  -> (artifact id: '44be3099c675a2c07b9f91fcccc7d381') in 0.013450 seconds 
========================================================================
Received Import Request.
  Time since last request: 51.923149 seconds.
  path: Assets/Materials/Hand_Painted_Nature_Kit_LITE/Materials/Skybox/Skybox1_sun_cloud.png
  artifactKey: Guid(a5fa78cf186e8cc4cae2d3f12780cd85) Importer(815301076,1909f56bfc062723c751e8b465ee728b)
Start importing Assets/Materials/Hand_Painted_Nature_Kit_LITE/Materials/Skybox/Skybox1_sun_cloud.png using Guid(a5fa78cf186e8cc4cae2d3f12780cd85) Importer(815301076,1909f56bfc062723c751e8b465ee728b)  -> (artifact id: 'f7d67fc7b2277da4b52a33fa61d51bb4') in 0.024660 seconds 
========================================================================
Received Import Request.
  Time since last request: 36.439786 seconds.
  path: Assets/Materials/Hand_Painted_Nature_Kit_LITE/Materials/Pine_branch.mat
  artifactKey: Guid(2c090ec8819221843abcb401d6038363) Importer(815301076,1909f56bfc062723c751e8b465ee728b)
Start importing Assets/Materials/Hand_Painted_Nature_Kit_LITE/Materials/Pine_branch.mat using Guid(2c090ec8819221843abcb401d6038363) Importer(815301076,1909f56bfc062723c751e8b465ee728b)  -> (artifact id: '1e69ecb290422a518b8ff42c43958106') in 0.023582 seconds 
========================================================================
Received Import Request.
  Time since last request: 2.030517 seconds.
  path: Assets/Materials/Hand_Painted_Nature_Kit_LITE/Materials/Bark3-2.mat
  artifactKey: Guid(cc60ec32b64abd84ba21af6ca87441bf) Importer(815301076,1909f56bfc062723c751e8b465ee728b)
Start importing Assets/Materials/Hand_Painted_Nature_Kit_LITE/Materials/Bark3-2.mat using Guid(cc60ec32b64abd84ba21af6ca87441bf) Importer(815301076,1909f56bfc062723c751e8b465ee728b)  -> (artifact id: 'd8a78ce78c18d696115e5a171b4e5d15') in 0.013772 seconds 
========================================================================
Received Import Request.
  Time since last request: 71.989890 seconds.
  path: Assets/Prefabs/Fence Side (1).prefab
  artifactKey: Guid(f4c6bfc2fe524b8489b58e14efdc8901) Importer(815301076,1909f56bfc062723c751e8b465ee728b)
Start importing Assets/Prefabs/Fence Side (1).prefab using Guid(f4c6bfc2fe524b8489b58e14efdc8901) Importer(815301076,1909f56bfc062723c751e8b465ee728b)  -> (artifact id: 'b53154295e05cd3a74e42234a0fab4f4') in 0.014611 seconds 
========================================================================
Received Prepare
Registering precompiled user dll's ...
Registered in 0.002251 seconds.
Begin MonoManager ReloadAssembly
Symbol file LoadedFromMemory doesn't match image C:\Users\jonah\Desktop\Saved Work\LevelDesign\Level Design 4\Library\PackageCache\com.unity.visualscripting@1.7.6\Editor\VisualScripting.Core\Dependencies\YamlDotNet\Unity.VisualScripting.YamlDotNet.dll
Symbol file LoadedFromMemory doesn't match image C:\Users\jonah\Desktop\Saved Work\LevelDesign\Level Design 4\Library\PackageCache\com.unity.visualscripting@1.7.6\Editor\VisualScripting.Core\Dependencies\DotNetZip\Unity.VisualScripting.IonicZip.dll
Native extension for WindowsStandalone target not found
Native extension for WebGL target not found
Refreshing native plugins compatible for Editor in 0.52 ms, found 1 plugins.
Preloading 0 native plugins for Editor in 0.00 ms.
Mono: successfully reloaded assembly
- Completed reload, in  0.801 seconds
Domain Reload Profiling:
	ReloadAssembly (802ms)
		BeginReloadAssembly (122ms)
			ExecutionOrderSort (0ms)
			DisableScriptedObjects (3ms)
			BackupInstance (0ms)
			ReleaseScriptingObjects (0ms)
			CreateAndSetChildDomain (29ms)
		EndReloadAssembly (595ms)
			LoadAssemblies (77ms)
			RebuildTransferFunctionScriptingTraits (0ms)
			SetupTypeCache (162ms)
			ReleaseScriptCaches (1ms)
			RebuildScriptCaches (32ms)
			SetupLoadedEditorAssemblies (287ms)
				LogAssemblyErrors (0ms)
				InitializePlatformSupportModulesInManaged (10ms)
				SetLoadedEditorAssemblies (0ms)
				RefreshPlugins (1ms)
				BeforeProcessingInitializeOnLoad (50ms)
				ProcessInitializeOnLoadAttributes (207ms)
				ProcessInitializeOnLoadMethodAttributes (16ms)
				AfterProcessingInitializeOnLoad (2ms)
				EditorAssembliesLoaded (0ms)
			ExecutionOrderSort2 (0ms)
			AwakeInstancesAfterBackupRestoration (11ms)
Platform modules already initialized, skipping
Refreshing native plugins compatible for Editor in 0.84 ms, found 1 plugins.
Preloading 0 native plugins for Editor in 0.00 ms.
Unloading 3234 Unused Serialized files (Serialized files now loaded: 0)
Unloading 22 unused Assets / (1.5 MB). Loaded Objects now: 4064.
Memory consumption went from 157.6 MB to 156.1 MB.
Total: 4.291300 ms (FindLiveObjects: 0.449600 ms CreateObjectMapping: 0.145800 ms MarkObjects: 3.360600 ms  DeleteObjects: 0.333900 ms)

AssetImportParameters requested are different than current active one (requested -> active):
  custom:video-decoder-ogg-theora: a1e56fd34408186e4bbccfd4996cb3dc -> 
  custom:container-muxer-webm: aa71ff27fc2769a1b78a27578f13a17b -> 
  custom:container-demuxer-webm: 4f35f7cbe854078d1ac9338744f61a02 -> 
  custom:video-encoder-webm-vp8: eb34c28f22e8b96e1ab97ce403110664 -> 
  custom:audio-encoder-webm-vorbis: bf7c407c2cedff20999df2af8eb42d56 -> 
  custom:framework-win-MediaFoundation: 216162199b28c13a410421893ffa2e32 -> 
  custom:container-demuxer-ogg: 62fdf1f143b41e24485cea50d1cbac27 -> 
  custom:video-decoder-webm-vp8: 9c59270c3fd7afecdb556c50c9e8de78 -> 
  custom:audio-decoder-ogg-vorbis: bf7c407c2cedff20999df2af8eb42d56 -> 
========================================================================
Received Prepare
Registering precompiled user dll's ...
Registered in 0.002205 seconds.
Begin MonoManager ReloadAssembly
Symbol file LoadedFromMemory doesn't match image C:\Users\jonah\Desktop\Saved Work\LevelDesign\Level Design 4\Library\PackageCache\com.unity.visualscripting@1.7.6\Editor\VisualScripting.Core\Dependencies\YamlDotNet\Unity.VisualScripting.YamlDotNet.dll
Symbol file LoadedFromMemory doesn't match image C:\Users\jonah\Desktop\Saved Work\LevelDesign\Level Design 4\Library\PackageCache\com.unity.visualscripting@1.7.6\Editor\VisualScripting.Core\Dependencies\DotNetZip\Unity.VisualScripting.IonicZip.dll
Native extension for WindowsStandalone target not found
Native extension for WebGL target not found
Refreshing native plugins compatible for Editor in 0.51 ms, found 1 plugins.
Preloading 0 native plugins for Editor in 0.00 ms.
Mono: successfully reloaded assembly
- Completed reload, in  0.768 seconds
Domain Reload Profiling:
	ReloadAssembly (769ms)
		BeginReloadAssembly (121ms)
			ExecutionOrderSort (0ms)
			DisableScriptedObjects (7ms)
			BackupInstance (0ms)
			ReleaseScriptingObjects (0ms)
			CreateAndSetChildDomain (26ms)
		EndReloadAssembly (575ms)
			LoadAssemblies (76ms)
			RebuildTransferFunctionScriptingTraits (0ms)
			SetupTypeCache (163ms)
			ReleaseScriptCaches (1ms)
			RebuildScriptCaches (32ms)
			SetupLoadedEditorAssemblies (274ms)
				LogAssemblyErrors (0ms)
				InitializePlatformSupportModulesInManaged (10ms)
				SetLoadedEditorAssemblies (0ms)
				RefreshPlugins (1ms)
				BeforeProcessingInitializeOnLoad (48ms)
				ProcessInitializeOnLoadAttributes (196ms)
				ProcessInitializeOnLoadMethodAttributes (17ms)
				AfterProcessingInitializeOnLoad (2ms)
				EditorAssembliesLoaded (0ms)
			ExecutionOrderSort2 (0ms)
			AwakeInstancesAfterBackupRestoration (13ms)
Platform modules already initialized, skipping
Refreshing native plugins compatible for Editor in 0.58 ms, found 1 plugins.
Preloading 0 native plugins for Editor in 0.00 ms.
Unloading 3222 Unused Serialized files (Serialized files now loaded: 0)
Unloading 22 unused Assets / (1.5 MB). Loaded Objects now: 4066.
Memory consumption went from 157.2 MB to 155.7 MB.
Total: 4.098900 ms (FindLiveObjects: 0.365100 ms CreateObjectMapping: 0.288500 ms MarkObjects: 3.069700 ms  DeleteObjects: 0.373500 ms)

AssetImportParameters requested are different than current active one (requested -> active):
  custom:video-decoder-ogg-theora: a1e56fd34408186e4bbccfd4996cb3dc -> 
  custom:container-muxer-webm: aa71ff27fc2769a1b78a27578f13a17b -> 
  custom:container-demuxer-webm: 4f35f7cbe854078d1ac9338744f61a02 -> 
  custom:video-encoder-webm-vp8: eb34c28f22e8b96e1ab97ce403110664 -> 
  custom:audio-encoder-webm-vorbis: bf7c407c2cedff20999df2af8eb42d56 -> 
  custom:framework-win-MediaFoundation: 216162199b28c13a410421893ffa2e32 -> 
  custom:container-demuxer-ogg: 62fdf1f143b41e24485cea50d1cbac27 -> 
  custom:video-decoder-webm-vp8: 9c59270c3fd7afecdb556c50c9e8de78 -> 
  custom:audio-decoder-ogg-vorbis: bf7c407c2cedff20999df2af8eb42d56 -> 
========================================================================
Received Prepare
Registering precompiled user dll's ...
Registered in 0.002614 seconds.
Begin MonoManager ReloadAssembly
Symbol file LoadedFromMemory doesn't match image C:\Users\jonah\Desktop\Saved Work\LevelDesign\Level Design 4\Library\PackageCache\com.unity.visualscripting@1.7.6\Editor\VisualScripting.Core\Dependencies\YamlDotNet\Unity.VisualScripting.YamlDotNet.dll
Symbol file LoadedFromMemory doesn't match image C:\Users\jonah\Desktop\Saved Work\LevelDesign\Level Design 4\Library\PackageCache\com.unity.visualscripting@1.7.6\Editor\VisualScripting.Core\Dependencies\DotNetZip\Unity.VisualScripting.IonicZip.dll
Native extension for WindowsStandalone target not found
Native extension for WebGL target not found
Refreshing native plugins compatible for Editor in 0.50 ms, found 1 plugins.
Preloading 0 native plugins for Editor in 0.00 ms.
Mono: successfully reloaded assembly
- Completed reload, in  0.748 seconds
Domain Reload Profiling:
	ReloadAssembly (749ms)
		BeginReloadAssembly (119ms)
			ExecutionOrderSort (0ms)
			DisableScriptedObjects (6ms)
			BackupInstance (0ms)
			ReleaseScriptingObjects (0ms)
			CreateAndSetChildDomain (26ms)
		EndReloadAssembly (559ms)
			LoadAssemblies (73ms)
			RebuildTransferFunctionScriptingTraits (0ms)
			SetupTypeCache (164ms)
			ReleaseScriptCaches (1ms)
			RebuildScriptCaches (32ms)
			SetupLoadedEditorAssemblies (261ms)
				LogAssemblyErrors (0ms)
				InitializePlatformSupportModulesInManaged (10ms)
				SetLoadedEditorAssemblies (0ms)
				RefreshPlugins (1ms)
				BeforeProcessingInitializeOnLoad (48ms)
				ProcessInitializeOnLoadAttributes (184ms)
				ProcessInitializeOnLoadMethodAttributes (16ms)
				AfterProcessingInitializeOnLoad (2ms)
				EditorAssembliesLoaded (0ms)
			ExecutionOrderSort2 (0ms)
			AwakeInstancesAfterBackupRestoration (11ms)
Platform modules already initialized, skipping
Refreshing native plugins compatible for Editor in 0.55 ms, found 1 plugins.
Preloading 0 native plugins for Editor in 0.00 ms.
Unloading 3222 Unused Serialized files (Serialized files now loaded: 0)
Unloading 22 unused Assets / (1.5 MB). Loaded Objects now: 4068.
Memory consumption went from 157.2 MB to 155.7 MB.
Total: 3.671500 ms (FindLiveObjects: 0.293600 ms CreateObjectMapping: 0.214600 ms MarkObjects: 2.766100 ms  DeleteObjects: 0.395200 ms)

AssetImportParameters requested are different than current active one (requested -> active):
  custom:video-decoder-ogg-theora: a1e56fd34408186e4bbccfd4996cb3dc -> 
  custom:container-muxer-webm: aa71ff27fc2769a1b78a27578f13a17b -> 
  custom:container-demuxer-webm: 4f35f7cbe854078d1ac9338744f61a02 -> 
  custom:video-encoder-webm-vp8: eb34c28f22e8b96e1ab97ce403110664 -> 
  custom:audio-encoder-webm-vorbis: bf7c407c2cedff20999df2af8eb42d56 -> 
  custom:framework-win-MediaFoundation: 216162199b28c13a410421893ffa2e32 -> 
  custom:container-demuxer-ogg: 62fdf1f143b41e24485cea50d1cbac27 -> 
  custom:video-decoder-webm-vp8: 9c59270c3fd7afecdb556c50c9e8de78 -> 
  custom:audio-decoder-ogg-vorbis: bf7c407c2cedff20999df2af8eb42d56 -> 
========================================================================
Received Import Request.
  Time since last request: 121.620613 seconds.
  path: Assets/Prefabs/Fence Side (1).prefab
  artifactKey: Guid(f4c6bfc2fe524b8489b58e14efdc8901) Importer(815301076,1909f56bfc062723c751e8b465ee728b)
Start importing Assets/Prefabs/Fence Side (1).prefab using Guid(f4c6bfc2fe524b8489b58e14efdc8901) Importer(815301076,1909f56bfc062723c751e8b465ee728b)  -> (artifact id: '6c7ac2ad79749d4701aed0bef57c83f4') in 0.059776 seconds 
========================================================================
Received Import Request.
  Time since last request: 50.841804 seconds.
  path: Assets/Prefabs/Fence Side (1).prefab
  artifactKey: Guid(f4c6bfc2fe524b8489b58e14efdc8901) Importer(815301076,1909f56bfc062723c751e8b465ee728b)
Start importing Assets/Prefabs/Fence Side (1).prefab using Guid(f4c6bfc2fe524b8489b58e14efdc8901) Importer(815301076,1909f56bfc062723c751e8b465ee728b)  -> (artifact id: 'aa7ce236e1fcd30d7ab3eb8cbf30e425') in 0.017567 seconds 
========================================================================
Received Import Request.
  Time since last request: 0.886875 seconds.
  path: Assets/Prefabs/Fence Side.prefab
  artifactKey: Guid(7091c33cc0d05e3438d55eb6f7156eb5) Importer(815301076,1909f56bfc062723c751e8b465ee728b)
Start importing Assets/Prefabs/Fence Side.prefab using Guid(7091c33cc0d05e3438d55eb6f7156eb5) Importer(815301076,1909f56bfc062723c751e8b465ee728b)  -> (artifact id: '5ba4a72c649c4e8585b7a4d9fa15e2f1') in 0.018521 seconds 
========================================================================
Received Prepare
Registering precompiled user dll's ...
Registered in 0.002035 seconds.
Begin MonoManager ReloadAssembly
Symbol file LoadedFromMemory doesn't match image C:\Users\jonah\Desktop\Saved Work\LevelDesign\Level Design 4\Library\PackageCache\com.unity.visualscripting@1.7.6\Editor\VisualScripting.Core\Dependencies\YamlDotNet\Unity.VisualScripting.YamlDotNet.dll
Symbol file LoadedFromMemory doesn't match image C:\Users\jonah\Desktop\Saved Work\LevelDesign\Level Design 4\Library\PackageCache\com.unity.visualscripting@1.7.6\Editor\VisualScripting.Core\Dependencies\DotNetZip\Unity.VisualScripting.IonicZip.dll
Native extension for WindowsStandalone target not found
Native extension for WebGL target not found
Refreshing native plugins compatible for Editor in 0.53 ms, found 1 plugins.
Preloading 0 native plugins for Editor in 0.00 ms.
Mono: successfully reloaded assembly
- Completed reload, in  0.762 seconds
Domain Reload Profiling:
	ReloadAssembly (762ms)
		BeginReloadAssembly (120ms)
			ExecutionOrderSort (0ms)
			DisableScriptedObjects (6ms)
			BackupInstance (0ms)
			ReleaseScriptingObjects (0ms)
			CreateAndSetChildDomain (28ms)
		EndReloadAssembly (571ms)
			LoadAssemblies (73ms)
			RebuildTransferFunctionScriptingTraits (0ms)
			SetupTypeCache (157ms)
			ReleaseScriptCaches (1ms)
			RebuildScriptCaches (32ms)
			SetupLoadedEditorAssemblies (280ms)
				LogAssemblyErrors (0ms)
				InitializePlatformSupportModulesInManaged (10ms)
				SetLoadedEditorAssemblies (0ms)
				RefreshPlugins (1ms)
				BeforeProcessingInitializeOnLoad (50ms)
				ProcessInitializeOnLoadAttributes (201ms)
				ProcessInitializeOnLoadMethodAttributes (16ms)
				AfterProcessingInitializeOnLoad (2ms)
				EditorAssembliesLoaded (0ms)
			ExecutionOrderSort2 (0ms)
			AwakeInstancesAfterBackupRestoration (11ms)
Platform modules already initialized, skipping
Refreshing native plugins compatible for Editor in 0.49 ms, found 1 plugins.
Preloading 0 native plugins for Editor in 0.00 ms.
Unloading 3222 Unused Serialized files (Serialized files now loaded: 0)
Unloading 22 unused Assets / (1.5 MB). Loaded Objects now: 4070.
Memory consumption went from 157.3 MB to 155.7 MB.
Total: 3.914700 ms (FindLiveObjects: 0.425900 ms CreateObjectMapping: 0.306100 ms MarkObjects: 2.816700 ms  DeleteObjects: 0.364600 ms)

AssetImportParameters requested are different than current active one (requested -> active):
  custom:video-decoder-ogg-theora: a1e56fd34408186e4bbccfd4996cb3dc -> 
  custom:container-muxer-webm: aa71ff27fc2769a1b78a27578f13a17b -> 
  custom:container-demuxer-webm: 4f35f7cbe854078d1ac9338744f61a02 -> 
  custom:video-encoder-webm-vp8: eb34c28f22e8b96e1ab97ce403110664 -> 
  custom:audio-encoder-webm-vorbis: bf7c407c2cedff20999df2af8eb42d56 -> 
  custom:framework-win-MediaFoundation: 216162199b28c13a410421893ffa2e32 -> 
  custom:container-demuxer-ogg: 62fdf1f143b41e24485cea50d1cbac27 -> 
  custom:video-decoder-webm-vp8: 9c59270c3fd7afecdb556c50c9e8de78 -> 
  custom:audio-decoder-ogg-vorbis: bf7c407c2cedff20999df2af8eb42d56 -> 
========================================================================
Received Import Request.
  Time since last request: 87.193810 seconds.
  path: Assets/Prefabs/Player.prefab
  artifactKey: Guid(50b97c39d4c14df44bbb765f0fc8ac63) Importer(815301076,1909f56bfc062723c751e8b465ee728b)
Start importing Assets/Prefabs/Player.prefab using Guid(50b97c39d4c14df44bbb765f0fc8ac63) Importer(815301076,1909f56bfc062723c751e8b465ee728b)  -> (artifact id: '5a717d964371595e4869ff3a67bf53fc') in 0.067300 seconds 
========================================================================
Received Import Request.
  Time since last request: 2.289116 seconds.
  path: Assets/Prefabs/Player.prefab
  artifactKey: Guid(50b97c39d4c14df44bbb765f0fc8ac63) Importer(815301076,1909f56bfc062723c751e8b465ee728b)
Start importing Assets/Prefabs/Player.prefab using Guid(50b97c39d4c14df44bbb765f0fc8ac63) Importer(815301076,1909f56bfc062723c751e8b465ee728b)  -> (artifact id: '44244b0d652bfd0c5abac62181aa1ee4') in 0.019322 seconds 
========================================================================
Received Import Request.
  Time since last request: 6.602441 seconds.
  path: Assets/Prefabs/Player.prefab
  artifactKey: Guid(50b97c39d4c14df44bbb765f0fc8ac63) Importer(815301076,1909f56bfc062723c751e8b465ee728b)
Start importing Assets/Prefabs/Player.prefab using Guid(50b97c39d4c14df44bbb765f0fc8ac63) Importer(815301076,1909f56bfc062723c751e8b465ee728b)  -> (artifact id: '5fc632532d6fba402d7350048f97033c') in 0.017260 seconds 
========================================================================
Received Import Request.
  Time since last request: 2.796296 seconds.
  path: Assets/Prefabs/Player.prefab
  artifactKey: Guid(50b97c39d4c14df44bbb765f0fc8ac63) Importer(815301076,1909f56bfc062723c751e8b465ee728b)
Start importing Assets/Prefabs/Player.prefab using Guid(50b97c39d4c14df44bbb765f0fc8ac63) Importer(815301076,1909f56bfc062723c751e8b465ee728b)  -> (artifact id: '2737acef9fe98dffbfe9dbe6323314aa') in 0.011633 seconds 
========================================================================
Received Import Request.
  Time since last request: 2.806939 seconds.
  path: Assets/Prefabs/Player.prefab
  artifactKey: Guid(50b97c39d4c14df44bbb765f0fc8ac63) Importer(815301076,1909f56bfc062723c751e8b465ee728b)
Start importing Assets/Prefabs/Player.prefab using Guid(50b97c39d4c14df44bbb765f0fc8ac63) Importer(815301076,1909f56bfc062723c751e8b465ee728b)  -> (artifact id: '91c47c7c2b26fe8d7bd69d6aba84d668') in 0.008155 seconds 
========================================================================
Received Import Request.
  Time since last request: 81.894931 seconds.
  path: Assets/Materials/Hand_Painted_Nature_Kit_LITE/Textures/Landscape/Ground5-1.png
  artifactKey: Guid(25594d18fa6fc1e40b153eeb6bd15b68) Importer(815301076,1909f56bfc062723c751e8b465ee728b)
Start importing Assets/Materials/Hand_Painted_Nature_Kit_LITE/Textures/Landscape/Ground5-1.png using Guid(25594d18fa6fc1e40b153eeb6bd15b68) Importer(815301076,1909f56bfc062723c751e8b465ee728b)  -> (artifact id: '0b457acbfc2e56ebf250ae81abd682b9') in 0.018710 seconds 
========================================================================
Received Import Request.
  Time since last request: 198.126974 seconds.
  path: Packages/com.unity.timeline/Editor/StyleSheets/Images/Icons/d_TrackLockButtonEnabled.png
  artifactKey: Guid(e8aa120f1b4731e43a2dd31eb70bbbe2) Importer(815301076,1909f56bfc062723c751e8b465ee728b)
Start importing Packages/com.unity.timeline/Editor/StyleSheets/Images/Icons/d_TrackLockButtonEnabled.png using Guid(e8aa120f1b4731e43a2dd31eb70bbbe2) Importer(815301076,1909f56bfc062723c751e8b465ee728b)  -> (artifact id: 'a393065b9371fa044fd00a588dff687f') in 0.027505 seconds 
========================================================================
Received Import Request.
  Time since last request: 0.000024 seconds.
  path: Packages/com.unity.timeline/Editor/StyleSheets/Images/Icons/d_TrackRecordButtonDisabled@2x.png
  artifactKey: Guid(db15c78579dee4a4db85f392634c8ecc) Importer(815301076,1909f56bfc062723c751e8b465ee728b)
Start importing Packages/com.unity.timeline/Editor/StyleSheets/Images/Icons/d_TrackRecordButtonDisabled@2x.png using Guid(db15c78579dee4a4db85f392634c8ecc) Importer(815301076,1909f56bfc062723c751e8b465ee728b)  -> (artifact id: 'e67f41aa5f5aa14fbff88cf81fa934d1') in 0.019164 seconds 
========================================================================
Received Import Request.
  Time since last request: 0.000030 seconds.
  path: Packages/com.unity.probuilder/Content/Icons/Toolbar/Edge_Extrude_disabled.png
  artifactKey: Guid(d9267088ae9cb49389e48118c2a3b389) Importer(815301076,1909f56bfc062723c751e8b465ee728b)
Start importing Packages/com.unity.probuilder/Content/Icons/Toolbar/Edge_Extrude_disabled.png using Guid(d9267088ae9cb49389e48118c2a3b389) Importer(815301076,1909f56bfc062723c751e8b465ee728b)  -> (artifact id: '3f06da72a002a1069ea8f2cdeb018360') in 0.018746 seconds 
========================================================================
Received Import Request.
  Time since last request: 0.000024 seconds.
  path: Packages/com.unity.timeline/Editor/StyleSheets/Images/Icons/d_TrackMuteButtonEnabled.png
  artifactKey: Guid(ac5017dfbeee42347b3b45ecc572674e) Importer(815301076,1909f56bfc062723c751e8b465ee728b)
Start importing Packages/com.unity.timeline/Editor/StyleSheets/Images/Icons/d_TrackMuteButtonEnabled.png using Guid(ac5017dfbeee42347b3b45ecc572674e) Importer(815301076,1909f56bfc062723c751e8b465ee728b)  -> (artifact id: '52d000012a52d50070f887ef3f6e59f3') in 0.019130 seconds 
========================================================================
Received Import Request.
  Time since last request: 0.000045 seconds.
  path: Packages/com.unity.probuilder/Content/Icons/Tools/ShapeTool/Door@2x.png
  artifactKey: Guid(0dc0c708f5d18c845b2c60321e211f3f) Importer(815301076,1909f56bfc062723c751e8b465ee728b)
Start importing Packages/com.unity.probuilder/Content/Icons/Tools/ShapeTool/Door@2x.png using Guid(0dc0c708f5d18c845b2c60321e211f3f) Importer(815301076,1909f56bfc062723c751e8b465ee728b)  -> (artifact id: 'b8fc4a9f96d221fa3b6454be39848895') in 0.013955 seconds 
========================================================================
Received Import Request.
  Time since last request: 0.000017 seconds.
  path: Packages/com.unity.probuilder/Content/Icons/Toolbar/Edge_Connect_disabled.png
  artifactKey: Guid(730c69e680a894479906e6b80fe5c3c9) Importer(815301076,1909f56bfc062723c751e8b465ee728b)
Start importing Packages/com.unity.probuilder/Content/Icons/Toolbar/Edge_Connect_disabled.png using Guid(730c69e680a894479906e6b80fe5c3c9) Importer(815301076,1909f56bfc062723c751e8b465ee728b)  -> (artifact id: '8803789b0107c4c8b912a99350db0e4a') in 0.018891 seconds 
========================================================================
Received Import Request.
  Time since last request: 0.000020 seconds.
  path: Packages/com.unity.probuilder/Content/Icons/Toolbar/Edge_Extrude.png
  artifactKey: Guid(17ca372dc70ce445795e5327fd14617d) Importer(815301076,1909f56bfc062723c751e8b465ee728b)
Start importing Packages/com.unity.probuilder/Content/Icons/Toolbar/Edge_Extrude.png using Guid(17ca372dc70ce445795e5327fd14617d) Importer(815301076,1909f56bfc062723c751e8b465ee728b)  -> (artifact id: '92e5cf0ded698f7f6a1d4551287283a6') in 0.019827 seconds 
========================================================================
Received Import Request.
  Time since last request: 0.000022 seconds.
  path: Packages/com.unity.probuilder/Content/Icons/Tools/ShapeTool/Door_Light.png
  artifactKey: Guid(93181b6a40269b74ba04b4e951439a45) Importer(815301076,1909f56bfc062723c751e8b465ee728b)
Start importing Packages/com.unity.probuilder/Content/Icons/Tools/ShapeTool/Door_Light.png using Guid(93181b6a40269b74ba04b4e951439a45) Importer(815301076,1909f56bfc062723c751e8b465ee728b)  -> (artifact id: '74fb4ccb003f19fb5a1b49389400c408') in 0.019573 seconds 
========================================================================
Received Import Request.
  Time since last request: 0.000018 seconds.
  path: Packages/com.unity.timeline/Editor/StyleSheets/Images/Icons/d_TrackRecordButtonDisabled.png
  artifactKey: Guid(9c6daec86666cbb4b9e558b839a103db) Importer(815301076,1909f56bfc062723c751e8b465ee728b)
Start importing Packages/com.unity.timeline/Editor/StyleSheets/Images/Icons/d_TrackRecordButtonDisabled.png using Guid(9c6daec86666cbb4b9e558b839a103db) Importer(815301076,1909f56bfc062723c751e8b465ee728b)  -> (artifact id: 'a5571631e87d0d608c9ecfdb39717dd6') in 0.019588 seconds 
========================================================================
Received Import Request.
  Time since last request: 0.000019 seconds.
  path: Packages/com.unity.probuilder/Content/Icons/Toolbar/Edge_Bridge.png
  artifactKey: Guid(249ff8f97942f46bf9c03f603e87df35) Importer(815301076,1909f56bfc062723c751e8b465ee728b)
Start importing Packages/com.unity.probuilder/Content/Icons/Toolbar/Edge_Bridge.png using Guid(249ff8f97942f46bf9c03f603e87df35) Importer(815301076,1909f56bfc062723c751e8b465ee728b)  -> (artifact id: '15c510453eed5e8c04d62194e9e2bf26') in 0.019121 seconds 
========================================================================
Received Import Request.
  Time since last request: 0.000027 seconds.
  path: Packages/com.unity.probuilder/Content/Icons/Tools/ShapeTool/Door.png
  artifactKey: Guid(2aae95362d9092446b7e52e5eef542f7) Importer(815301076,1909f56bfc062723c751e8b465ee728b)
Start importing Packages/com.unity.probuilder/Content/Icons/Tools/ShapeTool/Door.png using Guid(2aae95362d9092446b7e52e5eef542f7) Importer(815301076,1909f56bfc062723c751e8b465ee728b)  -> (artifact id: '50f6d87c006716b878502cac6a83cb47') in 0.020695 seconds 
========================================================================
Received Import Request.
  Time since last request: 0.000025 seconds.
  path: Packages/com.unity.timeline/Editor/StyleSheets/Images/Icons/d_TrackMarkerButtonEnabled.png
  artifactKey: Guid(d18286874382ef042bbbdab5f71329c1) Importer(815301076,1909f56bfc062723c751e8b465ee728b)
Start importing Packages/com.unity.timeline/Editor/StyleSheets/Images/Icons/d_TrackMarkerButtonEnabled.png using Guid(d18286874382ef042bbbdab5f71329c1) Importer(815301076,1909f56bfc062723c751e8b465ee728b)  -> (artifact id: '8607da97492730f74d08b297a464b895') in 0.018949 seconds 
========================================================================
Received Import Request.
  Time since last request: 0.000027 seconds.
  path: Packages/com.unity.timeline/Editor/StyleSheets/Images/Icons/d_TrackRecordButtonEnabled@2x.png
  artifactKey: Guid(0f1c9a12872a30f45bab34f536332bb3) Importer(815301076,1909f56bfc062723c751e8b465ee728b)
Start importing Packages/com.unity.timeline/Editor/StyleSheets/Images/Icons/d_TrackRecordButtonEnabled@2x.png using Guid(0f1c9a12872a30f45bab34f536332bb3) Importer(815301076,1909f56bfc062723c751e8b465ee728b)  -> (artifact id: 'a802ce96338dbd82bff7f703ef0215a4') in 0.017799 seconds 
========================================================================
Received Import Request.
  Time since last request: 0.000020 seconds.
  path: Packages/com.unity.timeline/Editor/StyleSheets/Images/Icons/d_TrackMarkerButtonDisabled.png
  artifactKey: Guid(b3644a971cca0bd4eb357cb9aca4dde1) Importer(815301076,1909f56bfc062723c751e8b465ee728b)
Start importing Packages/com.unity.timeline/Editor/StyleSheets/Images/Icons/d_TrackMarkerButtonDisabled.png using Guid(b3644a971cca0bd4eb357cb9aca4dde1) Importer(815301076,1909f56bfc062723c751e8b465ee728b)  -> (artifact id: 'fcb9e35dc1bbc204c4aa14a558b0430f') in 0.017756 seconds 
========================================================================
Received Import Request.
  Time since last request: 0.000026 seconds.
  path: Packages/com.unity.probuilder/Content/Icons/Toolbar/Edge_Bevel.png
  artifactKey: Guid(43dee953c3e16437c905284d61f0b482) Importer(815301076,1909f56bfc062723c751e8b465ee728b)
Start importing Packages/com.unity.probuilder/Content/Icons/Toolbar/Edge_Bevel.png using Guid(43dee953c3e16437c905284d61f0b482) Importer(815301076,1909f56bfc062723c751e8b465ee728b)  -> (artifact id: 'ccd2707eae7815c497f18afb1aa2675e') in 0.017733 seconds 
========================================================================
Received Import Request.
  Time since last request: 0.888727 seconds.
  path: Packages/com.unity.probuilder/Content/Icons/Toolbar/Edge_FillHole.png
  artifactKey: Guid(8af90ff5f51264541a5c2a2b24b3d0bf) Importer(815301076,1909f56bfc062723c751e8b465ee728b)
Start importing Packages/com.unity.probuilder/Content/Icons/Toolbar/Edge_FillHole.png using Guid(8af90ff5f51264541a5c2a2b24b3d0bf) Importer(815301076,1909f56bfc062723c751e8b465ee728b)  -> (artifact id: '835aa9b87a1e5de9dc66d4b9eff3abd9') in 0.023322 seconds 
========================================================================
Received Import Request.
  Time since last request: 0.000021 seconds.
  path: Packages/com.unity.probuilder/Content/Icons/Toolbar/Edge_InsertLoop.png
  artifactKey: Guid(c84a11398243f4f019945e198b15e027) Importer(815301076,1909f56bfc062723c751e8b465ee728b)
Start importing Packages/com.unity.probuilder/Content/Icons/Toolbar/Edge_InsertLoop.png using Guid(c84a11398243f4f019945e198b15e027) Importer(815301076,1909f56bfc062723c751e8b465ee728b)  -> (artifact id: '0eb98644b05f4b96671247e3aaa1e9fc') in 0.018229 seconds 
========================================================================
Received Import Request.
  Time since last request: 0.055251 seconds.
  path: Packages/com.unity.probuilder/Content/Icons/Toolbar/Edge_Subdivide.png
  artifactKey: Guid(03784ef963c4741f1a1766dff98f093c) Importer(815301076,1909f56bfc062723c751e8b465ee728b)
Start importing Packages/com.unity.probuilder/Content/Icons/Toolbar/Edge_Subdivide.png using Guid(03784ef963c4741f1a1766dff98f093c) Importer(815301076,1909f56bfc062723c751e8b465ee728b)  -> (artifact id: 'ac071980e83987288620b2d375fbf7f8') in 0.018226 seconds 
========================================================================
Received Import Request.
  Time since last request: 0.000021 seconds.
  path: Packages/com.unity.probuilder/Content/Icons/Tools/EditShape@2x.png
  artifactKey: Guid(762f5fc6dfcf7f647a93ab888150c530) Importer(815301076,1909f56bfc062723c751e8b465ee728b)
Start importing Packages/com.unity.probuilder/Content/Icons/Tools/EditShape@2x.png using Guid(762f5fc6dfcf7f647a93ab888150c530) Importer(815301076,1909f56bfc062723c751e8b465ee728b)  -> (artifact id: '65155625971962ad7b563f2c51c44452') in 0.011570 seconds 
========================================================================
Received Import Request.
  Time since last request: 0.397048 seconds.
  path: Packages/com.unity.probuilder/Content/Icons/Tools/EditShape@2x_Light.png
  artifactKey: Guid(f9e53e1abda9c694cb99330284e02017) Importer(815301076,1909f56bfc062723c751e8b465ee728b)
Start importing Packages/com.unity.probuilder/Content/Icons/Tools/EditShape@2x_Light.png using Guid(f9e53e1abda9c694cb99330284e02017) Importer(815301076,1909f56bfc062723c751e8b465ee728b)  -> (artifact id: '14f915e55342cc0925b082318ac6885f') in 0.023461 seconds 
========================================================================
Received Import Request.
  Time since last request: 0.000023 seconds.
  path: Packages/com.unity.probuilder/Content/Icons/Tools/EditShape_Light.png
  artifactKey: Guid(871495a638885fb4a8d84844bdd6aa55) Importer(815301076,1909f56bfc062723c751e8b465ee728b)
Start importing Packages/com.unity.probuilder/Content/Icons/Tools/EditShape_Light.png using Guid(871495a638885fb4a8d84844bdd6aa55) Importer(815301076,1909f56bfc062723c751e8b465ee728b)  -> (artifact id: 'a9926adfc9ce5ab8a370f2ec5930007a') in 0.019249 seconds 
========================================================================
Received Import Request.
  Time since last request: 0.000029 seconds.
  path: Packages/com.unity.probuilder/Content/Icons/Toolbar/ExtrudeFace_FaceNormals_disabled.png
  artifactKey: Guid(504f22e2501944c509a1de50190e680e) Importer(815301076,1909f56bfc062723c751e8b465ee728b)
Start importing Packages/com.unity.probuilder/Content/Icons/Toolbar/ExtrudeFace_FaceNormals_disabled.png using Guid(504f22e2501944c509a1de50190e680e) Importer(815301076,1909f56bfc062723c751e8b465ee728b)  -> (artifact id: 'e9fe1a15364633a7c4bd3bd5ce1f6900') in 0.019243 seconds 
========================================================================
Received Import Request.
  Time since last request: 0.000053 seconds.
  path: Packages/com.unity.probuilder/Content/Icons/Toolbar/ExtrudeFace_Individual.png
  artifactKey: Guid(ea438799abcec451b801b70c7299438b) Importer(815301076,1909f56bfc062723c751e8b465ee728b)
Start importing Packages/com.unity.probuilder/Content/Icons/Toolbar/ExtrudeFace_Individual.png using Guid(ea438799abcec451b801b70c7299438b) Importer(815301076,1909f56bfc062723c751e8b465ee728b)  -> (artifact id: 'bc8a2404d641f939b5f73832ada19791') in 0.014080 seconds 
========================================================================
Received Import Request.
  Time since last request: 0.002372 seconds.
  path: Packages/com.unity.probuilder/Content/Icons/Toolbar/ExtrudeFace_VertexNormals.png
  artifactKey: Guid(43ec922af57f445fab34eb16c76ee135) Importer(815301076,1909f56bfc062723c751e8b465ee728b)
Start importing Packages/com.unity.probuilder/Content/Icons/Toolbar/ExtrudeFace_VertexNormals.png using Guid(43ec922af57f445fab34eb16c76ee135) Importer(815301076,1909f56bfc062723c751e8b465ee728b)  -> (artifact id: '399d6bbb685be28ace500b0d29f60f9e') in 0.012747 seconds 
========================================================================
Received Import Request.
  Time since last request: 0.000037 seconds.
  path: Packages/com.unity.terrain-tools/Editor/TerrainTools/FilterStack/Editor/Images/eye-off.png
  artifactKey: Guid(3b6825dfa57ff7d469c6e24ce9462edf) Importer(815301076,1909f56bfc062723c751e8b465ee728b)
Start importing Packages/com.unity.terrain-tools/Editor/TerrainTools/FilterStack/Editor/Images/eye-off.png using Guid(3b6825dfa57ff7d469c6e24ce9462edf) Importer(815301076,1909f56bfc062723c751e8b465ee728b)  -> (artifact id: '32ee69df8ed9ded96d5322891a226a5a') in 0.020171 seconds 
========================================================================
Received Import Request.
  Time since last request: 0.165540 seconds.
  path: Packages/com.unity.probuilder/Content/Icons/Toolbar/Eye_Off.png
  artifactKey: Guid(ed0f7a8b882ee4f6abefc9996d60afc2) Importer(815301076,1909f56bfc062723c751e8b465ee728b)
Start importing Packages/com.unity.probuilder/Content/Icons/Toolbar/Eye_Off.png using Guid(ed0f7a8b882ee4f6abefc9996d60afc2) Importer(815301076,1909f56bfc062723c751e8b465ee728b)  -> (artifact id: '9666ab767548c7b50055a559c39ac7d8') in 0.018162 seconds 
========================================================================
Received Import Request.
  Time since last request: 0.000031 seconds.
  path: Packages/com.unity.probuilder/Content/Icons/Toolbar/Eye_On.png
  artifactKey: Guid(b6d07916b2876498ebc65ab5a16ed9c5) Importer(815301076,1909f56bfc062723c751e8b465ee728b)
Start importing Packages/com.unity.probuilder/Content/Icons/Toolbar/Eye_On.png using Guid(b6d07916b2876498ebc65ab5a16ed9c5) Importer(815301076,1909f56bfc062723c751e8b465ee728b)  -> (artifact id: '83c39b25011e48d547a73ff0a2d89524') in 0.018869 seconds 
========================================================================
Received Import Request.
  Time since last request: 0.000024 seconds.
  path: Packages/com.unity.probuilder/Content/Icons/Toolbar/Face_Delete.png
  artifactKey: Guid(f5cbc2065eed9419bbc68124aad2ff87) Importer(815301076,1909f56bfc062723c751e8b465ee728b)
Start importing Packages/com.unity.probuilder/Content/Icons/Toolbar/Face_Delete.png using Guid(f5cbc2065eed9419bbc68124aad2ff87) Importer(815301076,1909f56bfc062723c751e8b465ee728b)  -> (artifact id: '15017ebe70b42986ffff6e4b9f667671') in 0.018358 seconds 
========================================================================
Received Import Request.
  Time since last request: 0.000027 seconds.
  path: Packages/com.unity.probuilder/Content/Icons/Toolbar/Face_BreakSmoothing.png
  artifactKey: Guid(530fa8faf4a75475a91594dc67b3d727) Importer(815301076,1909f56bfc062723c751e8b465ee728b)
Start importing Packages/com.unity.probuilder/Content/Icons/Toolbar/Face_BreakSmoothing.png using Guid(530fa8faf4a75475a91594dc67b3d727) Importer(815301076,1909f56bfc062723c751e8b465ee728b)  -> (artifact id: '919e994f256e715e7f72dce1594ae769') in 0.018317 seconds 
========================================================================
Received Import Request.
  Time since last request: 0.000251 seconds.
  path: Packages/com.unity.probuilder/Content/Icons/Toolbar/Face_Delete_disabled.png
  artifactKey: Guid(881426ae389ce4286a6761438a81f7a9) Importer(815301076,1909f56bfc062723c751e8b465ee728b)
Start importing Packages/com.unity.probuilder/Content/Icons/Toolbar/Face_Delete_disabled.png using Guid(881426ae389ce4286a6761438a81f7a9) Importer(815301076,1909f56bfc062723c751e8b465ee728b)  -> (artifact id: '2d1ea4ab5f5bfa7eb40b8ab503bb7b0d') in 0.019788 seconds 
========================================================================
Received Import Request.
  Time since last request: 0.000023 seconds.
  path: Packages/com.unity.probuilder/Content/Icons/Toolbar/Face_Detach_disabled.png
  artifactKey: Guid(c75e468d031474cb8bb8fa55052f571e) Importer(815301076,1909f56bfc062723c751e8b465ee728b)
Start importing Packages/com.unity.probuilder/Content/Icons/Toolbar/Face_Detach_disabled.png using Guid(c75e468d031474cb8bb8fa55052f571e) Importer(815301076,1909f56bfc062723c751e8b465ee728b)  -> (artifact id: '753bbb44896f58cb5b869a522e1b6cb2') in 0.019413 seconds 
========================================================================
Received Import Request.
  Time since last request: 0.187142 seconds.
  path: Packages/com.unity.probuilder/Content/Icons/Toolbar/Face_Duplicate_disabled.png
  artifactKey: Guid(9fb527c1d5169144fac9f1e2a44989a7) Importer(815301076,1909f56bfc062723c751e8b465ee728b)
Start importing Packages/com.unity.probuilder/Content/Icons/Toolbar/Face_Duplicate_disabled.png using Guid(9fb527c1d5169144fac9f1e2a44989a7) Importer(815301076,1909f56bfc062723c751e8b465ee728b)  -> (artifact id: 'fb7c7781fe7809bb838f41863c06b3ce') in 0.018606 seconds 
========================================================================
Received Import Request.
  Time since last request: 0.000023 seconds.
  path: Packages/com.unity.probuilder/Content/Icons/Toolbar/Face_FlipNormals_3D.png
  artifactKey: Guid(6e1f06572201e4182b190d4afb94b36a) Importer(815301076,1909f56bfc062723c751e8b465ee728b)
Start importing Packages/com.unity.probuilder/Content/Icons/Toolbar/Face_FlipNormals_3D.png using Guid(6e1f06572201e4182b190d4afb94b36a) Importer(815301076,1909f56bfc062723c751e8b465ee728b)  -> (artifact id: '50f2418bbcfb1838bc4f82e18333a13f') in 0.019112 seconds 
========================================================================
Received Import Request.
  Time since last request: 0.017866 seconds.
  path: Packages/com.unity.probuilder/Content/Icons/Toolbar/Face_FlipTri.png
  artifactKey: Guid(8160430d66b1b46058a38d6eb90f9c5d) Importer(815301076,1909f56bfc062723c751e8b465ee728b)
Start importing Packages/com.unity.probuilder/Content/Icons/Toolbar/Face_FlipTri.png using Guid(8160430d66b1b46058a38d6eb90f9c5d) Importer(815301076,1909f56bfc062723c751e8b465ee728b)  -> (artifact id: 'b7f3cf645d2a423c0796f879065d0a46') in 0.017735 seconds 
========================================================================
Received Import Request.
  Time since last request: 0.000022 seconds.
  path: Packages/com.unity.probuilder/Content/Icons/Toolbar/Face_Merge_disabled.png
  artifactKey: Guid(b101a01607718410bb1121fee004c8b3) Importer(815301076,1909f56bfc062723c751e8b465ee728b)
Start importing Packages/com.unity.probuilder/Content/Icons/Toolbar/Face_Merge_disabled.png using Guid(b101a01607718410bb1121fee004c8b3) Importer(815301076,1909f56bfc062723c751e8b465ee728b)  -> (artifact id: 'b7b4f1953763fad3805ab808151ed95a') in 0.018787 seconds 
========================================================================
Received Import Request.
  Time since last request: 1.219896 seconds.
  path: Packages/com.unity.timeline/Editor/StyleSheets/Images/Icons/d_TrackCurvesButtonEnabled@2x.png
  artifactKey: Guid(43ed4593c5ddda0439fcc1bdaf8309fe) Importer(815301076,1909f56bfc062723c751e8b465ee728b)
Start importing Packages/com.unity.timeline/Editor/StyleSheets/Images/Icons/d_TrackCurvesButtonEnabled@2x.png using Guid(43ed4593c5ddda0439fcc1bdaf8309fe) Importer(815301076,1909f56bfc062723c751e8b465ee728b)  -> (artifact id: 'f1ac5fb7dc999d87e8426a60cbbdd76c') in 0.024880 seconds 
========================================================================
Received Import Request.
  Time since last request: 0.000025 seconds.
  path: Packages/com.unity.timeline/Editor/StyleSheets/Images/Icons/d_TrackAvatarButtonEnabled.png
  artifactKey: Guid(c207dcd389fb689489f5266468cd4609) Importer(815301076,1909f56bfc062723c751e8b465ee728b)
Start importing Packages/com.unity.timeline/Editor/StyleSheets/Images/Icons/d_TrackAvatarButtonEnabled.png using Guid(c207dcd389fb689489f5266468cd4609) Importer(815301076,1909f56bfc062723c751e8b465ee728b)  -> (artifact id: '461657515219182964aa9615c0feec31') in 0.020193 seconds 
========================================================================
Received Import Request.
  Time since last request: 0.000023 seconds.
  path: Packages/com.unity.timeline/Editor/StyleSheets/Images/Icons/d_TrackCurvesButtonDisabled.png
  artifactKey: Guid(d55a54a15106e3f418a43134888f2211) Importer(815301076,1909f56bfc062723c751e8b465ee728b)
Start importing Packages/com.unity.timeline/Editor/StyleSheets/Images/Icons/d_TrackCurvesButtonDisabled.png using Guid(d55a54a15106e3f418a43134888f2211) Importer(815301076,1909f56bfc062723c751e8b465ee728b)  -> (artifact id: 'd986701353aa41251a4c32daf432dbed') in 0.019852 seconds 
========================================================================
Received Import Request.
  Time since last request: 0.219651 seconds.
  path: Packages/com.unity.timeline/Editor/StyleSheets/Images/Icons/d_TimelineSignal.png
  artifactKey: Guid(ad2e3e92b00839c4e991ca602ef19822) Importer(815301076,1909f56bfc062723c751e8b465ee728b)
Start importing Packages/com.unity.timeline/Editor/StyleSheets/Images/Icons/d_TimelineSignal.png using Guid(ad2e3e92b00839c4e991ca602ef19822) Importer(815301076,1909f56bfc062723c751e8b465ee728b)  -> (artifact id: 'de49cda659bb875cdab4a54b4f79b026') in 0.025539 seconds 
========================================================================
Received Import Request.
  Time since last request: 0.000018 seconds.
  path: Packages/com.unity.timeline/Editor/StyleSheets/Images/Icons/d_TimelineEditModeRippleOFF.png
  artifactKey: Guid(411e6f19c19fa0546af83aeb59c2ed4b) Importer(815301076,1909f56bfc062723c751e8b465ee728b)
Start importing Packages/com.unity.timeline/Editor/StyleSheets/Images/Icons/d_TimelineEditModeRippleOFF.png using Guid(411e6f19c19fa0546af83aeb59c2ed4b) Importer(815301076,1909f56bfc062723c751e8b465ee728b)  -> (artifact id: '057aec47a2b4d5ee51763dfcb916584c') in 0.021875 seconds 
========================================================================
Received Import Request.
  Time since last request: 0.019300 seconds.
  path: Packages/com.unity.timeline/Editor/StyleSheets/Images/Icons/d_TimelineEditModeMixOFF.png
  artifactKey: Guid(39d9575ed0465354cb02b69ea18526de) Importer(815301076,1909f56bfc062723c751e8b465ee728b)
Start importing Packages/com.unity.timeline/Editor/StyleSheets/Images/Icons/d_TimelineEditModeMixOFF.png using Guid(39d9575ed0465354cb02b69ea18526de) Importer(815301076,1909f56bfc062723c751e8b465ee728b)  -> (artifact id: '71a4fd4fa8a1765ac9237ccf5ea35fe6') in 0.022609 seconds 
========================================================================
Received Import Request.
  Time since last request: 0.000022 seconds.
  path: Packages/com.unity.timeline/Editor/StyleSheets/Images/Icons/d_TimelineCollapseMarkerButtonEnabled.png
  artifactKey: Guid(2446ee609b613cd4e9142ccc55cb7c43) Importer(815301076,1909f56bfc062723c751e8b465ee728b)
Start importing Packages/com.unity.timeline/Editor/StyleSheets/Images/Icons/d_TimelineCollapseMarkerButtonEnabled.png using Guid(2446ee609b613cd4e9142ccc55cb7c43) Importer(815301076,1909f56bfc062723c751e8b465ee728b)  -> (artifact id: 'bb2b5519773b913995cda0567fe491dd') in 0.020297 seconds 
========================================================================
Received Import Request.
  Time since last request: 0.198194 seconds.
  path: Packages/com.unity.probuilder/Content/Icons/Tools/ShapeTool/on/Cylinder.png
  artifactKey: Guid(0db1554f068669b47aa0e2ed02610e1f) Importer(815301076,1909f56bfc062723c751e8b465ee728b)
Start importing Packages/com.unity.probuilder/Content/Icons/Tools/ShapeTool/on/Cylinder.png using Guid(0db1554f068669b47aa0e2ed02610e1f) Importer(815301076,1909f56bfc062723c751e8b465ee728b)  -> (artifact id: 'e14fa48c5ab32d4013125221e836b594') in 0.019671 seconds 
========================================================================
Received Import Request.
  Time since last request: 0.016064 seconds.
  path: Packages/com.unity.probuilder/Content/Resources/Cursors/cutCursor-add.png
  artifactKey: Guid(1b6d4baf0e317ea49b9fa6520067f80a) Importer(815301076,1909f56bfc062723c751e8b465ee728b)
Start importing Packages/com.unity.probuilder/Content/Resources/Cursors/cutCursor-add.png using Guid(1b6d4baf0e317ea49b9fa6520067f80a) Importer(815301076,1909f56bfc062723c751e8b465ee728b)  -> (artifact id: 'fea19dd4cbd4f3341df093396517a669') in 0.021589 seconds 
========================================================================
Received Import Request.
  Time since last request: 0.002546 seconds.
  path: Packages/com.unity.probuilder/Content/Icons/Tools/ShapeTool/on/Cube@2x.png
  artifactKey: Guid(c7e3a2b043c8a6b44bd8465e00e4baff) Importer(815301076,1909f56bfc062723c751e8b465ee728b)
Start importing Packages/com.unity.probuilder/Content/Icons/Tools/ShapeTool/on/Cube@2x.png using Guid(c7e3a2b043c8a6b44bd8465e00e4baff) Importer(815301076,1909f56bfc062723c751e8b465ee728b)  -> (artifact id: 'e46a64ee2a818b8d7f378f0a2da23931') in 0.020659 seconds 
========================================================================
Received Import Request.
  Time since last request: 0.209070 seconds.
  path: Packages/com.unity.probuilder/Content/Icons/Tools/PolyShape/CreatePolyShape_Over.png
  artifactKey: Guid(69e5a9941fa984e458a4dc5d50a426dc) Importer(815301076,1909f56bfc062723c751e8b465ee728b)
Start importing Packages/com.unity.probuilder/Content/Icons/Tools/PolyShape/CreatePolyShape_Over.png using Guid(69e5a9941fa984e458a4dc5d50a426dc) Importer(815301076,1909f56bfc062723c751e8b465ee728b)  -> (artifact id: 'b11b58df63378bddb8f8333c9420035f') in 0.019750 seconds 
========================================================================
Received Import Request.
  Time since last request: 0.033223 seconds.
  path: Packages/com.unity.probuilder/Content/Icons/Tools/PolyShape/CreatePolyShape@2x.png
  artifactKey: Guid(b19bbe8e6be8efc4694e3f60be7e23f7) Importer(815301076,1909f56bfc062723c751e8b465ee728b)
Start importing Packages/com.unity.probuilder/Content/Icons/Tools/PolyShape/CreatePolyShape@2x.png using Guid(b19bbe8e6be8efc4694e3f60be7e23f7) Importer(815301076,1909f56bfc062723c751e8b465ee728b)  -> (artifact id: '71bd4288f67fe0a56d65d27c61bfde52') in 0.025140 seconds 
========================================================================
Received Import Request.
  Time since last request: 0.000024 seconds.
  path: Packages/com.unity.probuilder/Content/Icons/Tools/ShapeTool/on/Cone@2x.png
  artifactKey: Guid(41c17137b868e304685fe67fcc14947e) Importer(815301076,1909f56bfc062723c751e8b465ee728b)
Start importing Packages/com.unity.probuilder/Content/Icons/Tools/ShapeTool/on/Cone@2x.png using Guid(41c17137b868e304685fe67fcc14947e) Importer(815301076,1909f56bfc062723c751e8b465ee728b)  -> (artifact id: '6479729cd75769d26bf778e5882f5bfe') in 0.015850 seconds 
========================================================================
Received Import Request.
  Time since last request: 0.000020 seconds.
  path: Packages/com.unity.probuilder/Content/Icons/Tools/ShapeTool/on/Cone.png
  artifactKey: Guid(5e6c3838482c594459dfd8d888e214b8) Importer(815301076,1909f56bfc062723c751e8b465ee728b)
Start importing Packages/com.unity.probuilder/Content/Icons/Tools/ShapeTool/on/Cone.png using Guid(5e6c3838482c594459dfd8d888e214b8) Importer(815301076,1909f56bfc062723c751e8b465ee728b)  -> (artifact id: 'b793c2a10efd8ffd6429d7a3e742da68') in 0.018287 seconds 
Editor requested this worker to shutdown with reason: Scaling down because of idle timeout
AssetImportWorker is now disconnected from the server
Process exiting
Exiting without the bug reporter. Application will terminate with return code 0