Using pre-set license
Built from '2021.2/staging' branch; Version is '2021.2.10f1 (ee872746220e) revision 15632167'; Using compiler version '192829333'; Build Type 'Release'
OS: 'Windows 11  (10.0.22621) 64bit Core' Language: 'en' Physical Memory: 32157 MB
BatchMode: 1, IsHumanControllingUs: 0, StartBugReporterOnCrash: 0, Is64bit: 1, IsPro: 0

COMMAND LINE ARGUMENTS:
D:\Unity\2021.2.10f1\Editor\Unity.exe
-adb2
-batchMode
-noUpm
-name
AssetImportWorker2
-projectPath
C:/Users/jonah/Desktop/Saved Work/LevelDesign/FinalLevel
-logFile
Logs/AssetImportWorker2.log
-srvPort
51598
Successfully changed project path to: C:/Users/jonah/Desktop/Saved Work/LevelDesign/FinalLevel
C:/Users/jonah/Desktop/Saved Work/LevelDesign/FinalLevel
[UnityMemory] Configuration Parameters - Can be set up in boot.config
    "memorysetup-bucket-allocator-granularity=16"
    "memorysetup-bucket-allocator-bucket-count=8"
    "memorysetup-bucket-allocator-block-size=33554432"
    "memorysetup-bucket-allocator-block-count=8"
    "memorysetup-main-allocator-block-size=16777216"
    "memorysetup-thread-allocator-block-size=16777216"
    "memorysetup-gfx-main-allocator-block-size=16777216"
    "memorysetup-gfx-thread-allocator-block-size=16777216"
    "memorysetup-cache-allocator-block-size=4194304"
    "memorysetup-typetree-allocator-block-size=2097152"
    "memorysetup-profiler-bucket-allocator-granularity=16"
    "memorysetup-profiler-bucket-allocator-bucket-count=8"
    "memorysetup-profiler-bucket-allocator-block-size=33554432"
    "memorysetup-profiler-bucket-allocator-block-count=8"
    "memorysetup-profiler-allocator-block-size=16777216"
    "memorysetup-profiler-editor-allocator-block-size=1048576"
    "memorysetup-temp-allocator-size-main=16777216"
    "memorysetup-job-temp-allocator-block-size=2097152"
    "memorysetup-job-temp-allocator-block-size-background=1048576"
    "memorysetup-job-temp-allocator-reduction-small-platforms=262144"
    "memorysetup-temp-allocator-size-background-worker=32768"
    "memorysetup-temp-allocator-size-job-worker=262144"
    "memorysetup-temp-allocator-size-preload-manager=33554432"
    "memorysetup-temp-allocator-size-nav-mesh-worker=65536"
    "memorysetup-temp-allocator-size-audio-worker=65536"
    "memorysetup-temp-allocator-size-cloud-worker=32768"
    "memorysetup-temp-allocator-size-gi-baking-worker=262144"
    "memorysetup-temp-allocator-size-gfx=262144"
Refreshing native plugins compatible for Editor in 214.14 ms, found 3 plugins.
Preloading 0 native plugins for Editor in 0.00 ms.
Initialize engine version: 2021.2.10f1 (ee872746220e)
[Subsystems] Discovering subsystems at path D:/Unity/2021.2.10f1/Editor/Data/Resources/UnitySubsystems
[Subsystems] Discovering subsystems at path C:/Users/jonah/Desktop/Saved Work/LevelDesign/FinalLevel/Assets
GfxDevice: creating device client; threaded=0; jobified=0
Direct3D:
    Version:  Direct3D 11.0 [level 11.1]
    Renderer: NVIDIA GeForce RTX 3080 Laptop GPU (ID=0x249c)
    Vendor:   NVIDIA
    VRAM:     16191 MB
    Driver:   31.0.15.3141
Initialize mono
Mono path[0] = 'D:/Unity/2021.2.10f1/Editor/Data/Managed'
Mono path[1] = 'D:/Unity/2021.2.10f1/Editor/Data/MonoBleedingEdge/lib/mono/unityjit-win32'
Mono config path = 'D:/Unity/2021.2.10f1/Editor/Data/MonoBleedingEdge/etc'
Using monoOptions --debugger-agent=transport=dt_socket,embedding=1,server=y,suspend=n,address=127.0.0.1:56272
Begin MonoManager ReloadAssembly
Registering precompiled unity dll's ...
Register platform support module: D:/Unity/2021.2.10f1/Editor/Data/PlaybackEngines/WebGLSupport/UnityEditor.WebGL.Extensions.dll
Register platform support module: D:/Unity/2021.2.10f1/Editor/Data/PlaybackEngines/WindowsStandaloneSupport/UnityEditor.WindowsStandalone.Extensions.dll
Registered in 0.005124 seconds.
Native extension for WindowsStandalone target not found
Native extension for WebGL target not found
Refreshing native plugins compatible for Editor in 182.33 ms, found 3 plugins.
Preloading 0 native plugins for Editor in 0.00 ms.
Mono: successfully reloaded assembly
- Completed reload, in  1.302 seconds
Domain Reload Profiling:
	ReloadAssembly (1302ms)
		BeginReloadAssembly (184ms)
			ExecutionOrderSort (0ms)
			DisableScriptedObjects (0ms)
			BackupInstance (0ms)
			ReleaseScriptingObjects (0ms)
			CreateAndSetChildDomain (1ms)
		EndReloadAssembly (967ms)
			LoadAssemblies (185ms)
			RebuildTransferFunctionScriptingTraits (0ms)
			SetupTypeCache (202ms)
			ReleaseScriptCaches (0ms)
			RebuildScriptCaches (52ms)
			SetupLoadedEditorAssemblies (607ms)
				LogAssemblyErrors (0ms)
				InitializePlatformSupportModulesInManaged (35ms)
				SetLoadedEditorAssemblies (0ms)
				RefreshPlugins (182ms)
				BeforeProcessingInitializeOnLoad (2ms)
				ProcessInitializeOnLoadAttributes (296ms)
				ProcessInitializeOnLoadMethodAttributes (91ms)
				AfterProcessingInitializeOnLoad (0ms)
				EditorAssembliesLoaded (0ms)
			ExecutionOrderSort2 (0ms)
			AwakeInstancesAfterBackupRestoration (0ms)
Platform modules already initialized, skipping
Registering precompiled user dll's ...
Registered in 0.015115 seconds.
Begin MonoManager ReloadAssembly
Native extension for WindowsStandalone target not found
Native extension for WebGL target not found
Refreshing native plugins compatible for Editor in 188.07 ms, found 3 plugins.
Preloading 0 native plugins for Editor in 0.00 ms.
Mono: successfully reloaded assembly
- Completed reload, in  2.453 seconds
Domain Reload Profiling:
	ReloadAssembly (2455ms)
		BeginReloadAssembly (261ms)
			ExecutionOrderSort (0ms)
			DisableScriptedObjects (13ms)
			BackupInstance (0ms)
			ReleaseScriptingObjects (0ms)
			CreateAndSetChildDomain (36ms)
		EndReloadAssembly (1989ms)
			LoadAssemblies (200ms)
			RebuildTransferFunctionScriptingTraits (0ms)
			SetupTypeCache (493ms)
			ReleaseScriptCaches (1ms)
			RebuildScriptCaches (111ms)
			SetupLoadedEditorAssemblies (1116ms)
				LogAssemblyErrors (0ms)
				InitializePlatformSupportModulesInManaged (31ms)
				SetLoadedEditorAssemblies (1ms)
				RefreshPlugins (188ms)
				BeforeProcessingInitializeOnLoad (176ms)
				ProcessInitializeOnLoadAttributes (673ms)
				ProcessInitializeOnLoadMethodAttributes (43ms)
				AfterProcessingInitializeOnLoad (4ms)
				EditorAssembliesLoaded (0ms)
			ExecutionOrderSort2 (0ms)
			AwakeInstancesAfterBackupRestoration (11ms)
Platform modules already initialized, skipping
========================================================================
Worker process is ready to serve import requests
Launched and connected shader compiler UnityShaderCompiler.exe after 0.10 seconds
Refreshing native plugins compatible for Editor in 1.90 ms, found 3 plugins.
Preloading 0 native plugins for Editor in 0.00 ms.
Unloading 3767 Unused Serialized files (Serialized files now loaded: 0)
Unloading 48 unused Assets / (0.7 MB). Loaded Objects now: 4240.
Memory consumption went from 154.3 MB to 153.6 MB.
Total: 9.563100 ms (FindLiveObjects: 0.905400 ms CreateObjectMapping: 0.339800 ms MarkObjects: 7.856800 ms  DeleteObjects: 0.458200 ms)

AssetImportParameters requested are different than current active one (requested -> active):
  custom:video-decoder-ogg-theora: a1e56fd34408186e4bbccfd4996cb3dc -> 
  custom:container-muxer-webm: aa71ff27fc2769a1b78a27578f13a17b -> 
  custom:container-demuxer-webm: 4f35f7cbe854078d1ac9338744f61a02 -> 
  custom:video-encoder-webm-vp8: eb34c28f22e8b96e1ab97ce403110664 -> 
  custom:audio-encoder-webm-vorbis: bf7c407c2cedff20999df2af8eb42d56 -> 
  custom:framework-win-MediaFoundation: 216162199b28c13a410421893ffa2e32 -> 
  custom:container-demuxer-ogg: 62fdf1f143b41e24485cea50d1cbac27 -> 
  custom:video-decoder-webm-vp8: 9c59270c3fd7afecdb556c50c9e8de78 -> 
  custom:audio-decoder-ogg-vorbis: bf7c407c2cedff20999df2af8eb42d56 -> 
========================================================================
Received Import Request.
  Time since last request: 255159.600022 seconds.
  path: Assets/Materials/worn-down-stone-path-unity
  artifactKey: Guid(5402f453d2eeeb34d8f08a724fd388a3) Importer(815301076,1909f56bfc062723c751e8b465ee728b)
Start importing Assets/Materials/worn-down-stone-path-unity using Guid(5402f453d2eeeb34d8f08a724fd388a3) Importer(815301076,1909f56bfc062723c751e8b465ee728b)  -> (artifact id: '2832a5e2f7735db3d6fd5c4bedd1489b') in 0.028445 seconds 
========================================================================
Received Import Request.
  Time since last request: 11.434402 seconds.
  path: Assets/Materials/texture sources
  artifactKey: Guid(c3df4e9b9b230104493ce660f5a663a2) Importer(815301076,1909f56bfc062723c751e8b465ee728b)
Start importing Assets/Materials/texture sources using Guid(c3df4e9b9b230104493ce660f5a663a2) Importer(815301076,1909f56bfc062723c751e8b465ee728b)  -> (artifact id: '8a5c0135eb7cef031d32a092ac632b56') in 0.013361 seconds 
========================================================================
Received Import Request.
  Time since last request: 1.616561 seconds.
  path: Assets/Materials/wavy-sand-unity
  artifactKey: Guid(219728efa60a05a4f918580af8d74831) Importer(815301076,1909f56bfc062723c751e8b465ee728b)
Start importing Assets/Materials/wavy-sand-unity using Guid(219728efa60a05a4f918580af8d74831) Importer(815301076,1909f56bfc062723c751e8b465ee728b)  -> (artifact id: '544473b19a0c5a753a5642a99054b5b0') in 0.014135 seconds 
========================================================================
Received Import Request.
  Time since last request: 0.671538 seconds.
  path: Assets/Materials/rocky-dunes1-unity
  artifactKey: Guid(d65b84c2cd3fb354fbcea2430b37fba5) Importer(815301076,1909f56bfc062723c751e8b465ee728b)
Start importing Assets/Materials/rocky-dunes1-unity using Guid(d65b84c2cd3fb354fbcea2430b37fba5) Importer(815301076,1909f56bfc062723c751e8b465ee728b)  -> (artifact id: 'f31c3785042da976d31a90b51a8840f8') in 0.018206 seconds 
========================================================================
Received Import Request.
  Time since last request: 9.495674 seconds.
  path: Assets/Materials/bank materials
  artifactKey: Guid(6bae73998cb20d84a99ce2a7e704e46b) Importer(815301076,1909f56bfc062723c751e8b465ee728b)
Start importing Assets/Materials/bank materials using Guid(6bae73998cb20d84a99ce2a7e704e46b) Importer(815301076,1909f56bfc062723c751e8b465ee728b)  -> (artifact id: '2988033881c0d838e028228e86ba86f6') in 0.012040 seconds 
========================================================================
Received Import Request.
  Time since last request: 6.205964 seconds.
  path: Assets/Materials/bank materials 1
  artifactKey: Guid(158b613450545bd46b871e9efff715be) Importer(815301076,1909f56bfc062723c751e8b465ee728b)
Start importing Assets/Materials/bank materials 1 using Guid(158b613450545bd46b871e9efff715be) Importer(815301076,1909f56bfc062723c751e8b465ee728b)  -> (artifact id: '1ad6371c97ea37c19816f5154c2b4652') in 0.013996 seconds 
========================================================================
Received Import Request.
  Time since last request: 3.809437 seconds.
  path: Assets/Materials/bank materials 2
  artifactKey: Guid(17da6e1cef1b0ab429ab5673aadb4e9c) Importer(815301076,1909f56bfc062723c751e8b465ee728b)
Start importing Assets/Materials/bank materials 2 using Guid(17da6e1cef1b0ab429ab5673aadb4e9c) Importer(815301076,1909f56bfc062723c751e8b465ee728b)  -> (artifact id: '966fd1846bb4bceb005bca973b57370c') in 0.012852 seconds 
========================================================================
Received Import Request.
  Time since last request: 1.018819 seconds.
  path: Assets/Materials/bank materials 3
  artifactKey: Guid(00b1b614a51e9cf47bceb02314542f5f) Importer(815301076,1909f56bfc062723c751e8b465ee728b)
Start importing Assets/Materials/bank materials 3 using Guid(00b1b614a51e9cf47bceb02314542f5f) Importer(815301076,1909f56bfc062723c751e8b465ee728b)  -> (artifact id: 'cbe562d2a01075c8ebff0be33ce6316d') in 0.012596 seconds 
========================================================================
Received Import Request.
  Time since last request: 1.451146 seconds.
  path: Assets/Materials/bank materials 4
  artifactKey: Guid(1130dfe6ecae53742a1e26ade90579ff) Importer(815301076,1909f56bfc062723c751e8b465ee728b)
Start importing Assets/Materials/bank materials 4 using Guid(1130dfe6ecae53742a1e26ade90579ff) Importer(815301076,1909f56bfc062723c751e8b465ee728b)  -> (artifact id: 'f5c3eec97c205d84d5caf883bfb72155') in 0.011532 seconds 
========================================================================
Received Import Request.
  Time since last request: 7.070697 seconds.
  path: Assets/Materials/sheriff materials
  artifactKey: Guid(158b613450545bd46b871e9efff715be) Importer(815301076,1909f56bfc062723c751e8b465ee728b)
Start importing Assets/Materials/sheriff materials using Guid(158b613450545bd46b871e9efff715be) Importer(815301076,1909f56bfc062723c751e8b465ee728b)  -> (artifact id: '3e49e34034f8e4a59f2b7c8857110e64') in 0.011378 seconds 
========================================================================
Received Import Request.
  Time since last request: 9.462387 seconds.
  path: Assets/Materials/inn materials
  artifactKey: Guid(1130dfe6ecae53742a1e26ade90579ff) Importer(815301076,1909f56bfc062723c751e8b465ee728b)
Start importing Assets/Materials/inn materials using Guid(1130dfe6ecae53742a1e26ade90579ff) Importer(815301076,1909f56bfc062723c751e8b465ee728b)  -> (artifact id: '9190931df98ede8030dfb03229422649') in 0.011952 seconds 
========================================================================
Received Import Request.
  Time since last request: 8.006357 seconds.
  path: Assets/Materials/store materials
  artifactKey: Guid(00b1b614a51e9cf47bceb02314542f5f) Importer(815301076,1909f56bfc062723c751e8b465ee728b)
Start importing Assets/Materials/store materials using Guid(00b1b614a51e9cf47bceb02314542f5f) Importer(815301076,1909f56bfc062723c751e8b465ee728b)  -> (artifact id: '0f2260f2a9630adb239e358bbc44b383') in 0.015216 seconds 
========================================================================
Received Import Request.
  Time since last request: 9.335107 seconds.
  path: Assets/Materials/saloon materials
  artifactKey: Guid(17da6e1cef1b0ab429ab5673aadb4e9c) Importer(815301076,1909f56bfc062723c751e8b465ee728b)
Start importing Assets/Materials/saloon materials using Guid(17da6e1cef1b0ab429ab5673aadb4e9c) Importer(815301076,1909f56bfc062723c751e8b465ee728b)  -> (artifact id: '934d526d765b8b538c46cb88d47a597f') in 0.016356 seconds 
========================================================================
Received Import Request.
  Time since last request: 7.604306 seconds.
  path: Assets/Materials/saloon materials 1
  artifactKey: Guid(cbdc14c213422e94882ef08eb377d51f) Importer(815301076,1909f56bfc062723c751e8b465ee728b)
Start importing Assets/Materials/saloon materials 1 using Guid(cbdc14c213422e94882ef08eb377d51f) Importer(815301076,1909f56bfc062723c751e8b465ee728b)  -> (artifact id: '8916b3065ffe20544e254f246ec62bcc') in 0.011993 seconds 
========================================================================
Received Import Request.
  Time since last request: 6.648107 seconds.
  path: Assets/Materials/houses materials
  artifactKey: Guid(cbdc14c213422e94882ef08eb377d51f) Importer(815301076,1909f56bfc062723c751e8b465ee728b)
Start importing Assets/Materials/houses materials using Guid(cbdc14c213422e94882ef08eb377d51f) Importer(815301076,1909f56bfc062723c751e8b465ee728b)  -> (artifact id: '1172e2320ac8a24dda17a170bd2bf5ee') in 0.013064 seconds 
========================================================================
Received Import Request.
  Time since last request: 2.527809 seconds.
  path: Assets/Materials/houses materials 1
  artifactKey: Guid(5c831c5c8406f7b468a9fe0419ce6ec9) Importer(815301076,1909f56bfc062723c751e8b465ee728b)
Start importing Assets/Materials/houses materials 1 using Guid(5c831c5c8406f7b468a9fe0419ce6ec9) Importer(815301076,1909f56bfc062723c751e8b465ee728b)  -> (artifact id: 'e9aabc3aa589e87d11a196b5186cda2f') in 0.011682 seconds 
========================================================================
Received Import Request.
  Time since last request: 5.318948 seconds.
  path: Assets/Materials/water tower materials
  artifactKey: Guid(5c831c5c8406f7b468a9fe0419ce6ec9) Importer(815301076,1909f56bfc062723c751e8b465ee728b)
Start importing Assets/Materials/water tower materials using Guid(5c831c5c8406f7b468a9fe0419ce6ec9) Importer(815301076,1909f56bfc062723c751e8b465ee728b)  -> (artifact id: '24b8c387beddf8163e16aa55a1947c6e') in 0.013642 seconds 
========================================================================
Received Import Request.
  Time since last request: 790.957340 seconds.
  path: Assets/Materials/iron-rusted4-Unity/iron-rusted4-Unity
  artifactKey: Guid(2f5f75fb8ca3a0b4c9db70c25284fd87) Importer(815301076,1909f56bfc062723c751e8b465ee728b)
Start importing Assets/Materials/iron-rusted4-Unity/iron-rusted4-Unity using Guid(2f5f75fb8ca3a0b4c9db70c25284fd87) Importer(815301076,1909f56bfc062723c751e8b465ee728b)  -> (artifact id: '118f4736b5c1c7bb27a88c7596d57686') in 0.019964 seconds 
========================================================================
Received Import Request.
  Time since last request: 602.273570 seconds.
  path: Assets/Materials/iron-rusted4-Unity
  artifactKey: Guid(167ccd30e6d24e74b9503ed89db3dc63) Importer(815301076,1909f56bfc062723c751e8b465ee728b)
Start importing Assets/Materials/iron-rusted4-Unity using Guid(167ccd30e6d24e74b9503ed89db3dc63) Importer(815301076,1909f56bfc062723c751e8b465ee728b)  -> (artifact id: 'c35da77c431fa117fd3ed1a13ec7f951') in 0.005326 seconds 
========================================================================
Received Import Request.
  Time since last request: 15.594207 seconds.
  path: Assets/Materials/vines-unity
  artifactKey: Guid(756c21342e0b09e4d8822ffc6e5f9b19) Importer(815301076,1909f56bfc062723c751e8b465ee728b)
Start importing Assets/Materials/vines-unity using Guid(756c21342e0b09e4d8822ffc6e5f9b19) Importer(815301076,1909f56bfc062723c751e8b465ee728b)  -> (artifact id: 'f76d8ce4525de6f756d48f2855f85172') in 0.011184 seconds 
========================================================================
Received Import Request.
  Time since last request: 11.598463 seconds.
  path: Assets/Materials/texture sources/vines-unity/vines-unity
  artifactKey: Guid(d3d4afbd05a12674282187466d67408f) Importer(815301076,1909f56bfc062723c751e8b465ee728b)
Start importing Assets/Materials/texture sources/vines-unity/vines-unity using Guid(d3d4afbd05a12674282187466d67408f) Importer(815301076,1909f56bfc062723c751e8b465ee728b)  -> (artifact id: '45893c2e1cae23a53e98b4529eea97dc') in 0.004698 seconds 
========================================================================
Received Import Request.
  Time since last request: 133.019993 seconds.
  path: Assets/Prefabs/cactus4.prefab
  artifactKey: Guid(efe3962df7d62ec4c970b8556c0ce270) Importer(815301076,1909f56bfc062723c751e8b465ee728b)
Start importing Assets/Prefabs/cactus4.prefab using Guid(efe3962df7d62ec4c970b8556c0ce270) Importer(815301076,1909f56bfc062723c751e8b465ee728b)  -> (artifact id: 'c7cd99a2f1dcbd6444f4a93402b3a474') in 0.145493 seconds 
========================================================================
Received Prepare
Registering precompiled user dll's ...
Registered in 0.014828 seconds.
Begin MonoManager ReloadAssembly
Native extension for WindowsStandalone target not found
Native extension for WebGL target not found
Refreshing native plugins compatible for Editor in 1.51 ms, found 3 plugins.
Preloading 0 native plugins for Editor in 0.00 ms.
Mono: successfully reloaded assembly
- Completed reload, in  2.137 seconds
Domain Reload Profiling:
	ReloadAssembly (2138ms)
		BeginReloadAssembly (290ms)
			ExecutionOrderSort (0ms)
			DisableScriptedObjects (12ms)
			BackupInstance (0ms)
			ReleaseScriptingObjects (0ms)
			CreateAndSetChildDomain (60ms)
		EndReloadAssembly (1654ms)
			LoadAssemblies (200ms)
			RebuildTransferFunctionScriptingTraits (0ms)
			SetupTypeCache (522ms)
			ReleaseScriptCaches (2ms)
			RebuildScriptCaches (70ms)
			SetupLoadedEditorAssemblies (819ms)
				LogAssemblyErrors (0ms)
				InitializePlatformSupportModulesInManaged (25ms)
				SetLoadedEditorAssemblies (1ms)
				RefreshPlugins (2ms)
				BeforeProcessingInitializeOnLoad (142ms)
				ProcessInitializeOnLoadAttributes (606ms)
				ProcessInitializeOnLoadMethodAttributes (38ms)
				AfterProcessingInitializeOnLoad (5ms)
				EditorAssembliesLoaded (0ms)
			ExecutionOrderSort2 (0ms)
			AwakeInstancesAfterBackupRestoration (19ms)
Platform modules already initialized, skipping
Refreshing native plugins compatible for Editor in 1.11 ms, found 3 plugins.
Preloading 0 native plugins for Editor in 0.00 ms.
Unloading 3707 Unused Serialized files (Serialized files now loaded: 0)
Unloading 33 unused Assets / (0.6 MB). Loaded Objects now: 4242.
Memory consumption went from 148.8 MB to 148.2 MB.
Total: 9.022500 ms (FindLiveObjects: 0.485400 ms CreateObjectMapping: 0.289300 ms MarkObjects: 7.881300 ms  DeleteObjects: 0.362100 ms)

AssetImportParameters requested are different than current active one (requested -> active):
  custom:video-decoder-ogg-theora: a1e56fd34408186e4bbccfd4996cb3dc -> 
  custom:container-muxer-webm: aa71ff27fc2769a1b78a27578f13a17b -> 
  custom:container-demuxer-webm: 4f35f7cbe854078d1ac9338744f61a02 -> 
  custom:video-encoder-webm-vp8: eb34c28f22e8b96e1ab97ce403110664 -> 
  custom:audio-encoder-webm-vorbis: bf7c407c2cedff20999df2af8eb42d56 -> 
  custom:framework-win-MediaFoundation: 216162199b28c13a410421893ffa2e32 -> 
  custom:container-demuxer-ogg: 62fdf1f143b41e24485cea50d1cbac27 -> 
  custom:video-decoder-webm-vp8: 9c59270c3fd7afecdb556c50c9e8de78 -> 
  custom:audio-decoder-ogg-vorbis: bf7c407c2cedff20999df2af8eb42d56 -> 
========================================================================
Received Prepare
Registering precompiled user dll's ...
Registered in 0.011088 seconds.
Begin MonoManager ReloadAssembly
Native extension for WindowsStandalone target not found
Native extension for WebGL target not found
Refreshing native plugins compatible for Editor in 2.23 ms, found 3 plugins.
Preloading 0 native plugins for Editor in 0.00 ms.
Mono: successfully reloaded assembly
- Completed reload, in  2.117 seconds
Domain Reload Profiling:
	ReloadAssembly (2118ms)
		BeginReloadAssembly (268ms)
			ExecutionOrderSort (0ms)
			DisableScriptedObjects (9ms)
			BackupInstance (0ms)
			ReleaseScriptingObjects (0ms)
			CreateAndSetChildDomain (64ms)
		EndReloadAssembly (1661ms)
			LoadAssemblies (188ms)
			RebuildTransferFunctionScriptingTraits (0ms)
			SetupTypeCache (484ms)
			ReleaseScriptCaches (3ms)
			RebuildScriptCaches (85ms)
			SetupLoadedEditorAssemblies (827ms)
				LogAssemblyErrors (0ms)
				InitializePlatformSupportModulesInManaged (25ms)
				SetLoadedEditorAssemblies (1ms)
				RefreshPlugins (2ms)
				BeforeProcessingInitializeOnLoad (136ms)
				ProcessInitializeOnLoadAttributes (616ms)
				ProcessInitializeOnLoadMethodAttributes (42ms)
				AfterProcessingInitializeOnLoad (4ms)
				EditorAssembliesLoaded (0ms)
			ExecutionOrderSort2 (0ms)
			AwakeInstancesAfterBackupRestoration (14ms)
Platform modules already initialized, skipping
Refreshing native plugins compatible for Editor in 1.53 ms, found 3 plugins.
Preloading 0 native plugins for Editor in 0.00 ms.
Unloading 3707 Unused Serialized files (Serialized files now loaded: 0)
Unloading 33 unused Assets / (0.6 MB). Loaded Objects now: 4244.
Memory consumption went from 148.8 MB to 148.2 MB.
Total: 6.989700 ms (FindLiveObjects: 0.531600 ms CreateObjectMapping: 0.297500 ms MarkObjects: 5.715500 ms  DeleteObjects: 0.443100 ms)

AssetImportParameters requested are different than current active one (requested -> active):
  custom:video-decoder-ogg-theora: a1e56fd34408186e4bbccfd4996cb3dc -> 
  custom:container-muxer-webm: aa71ff27fc2769a1b78a27578f13a17b -> 
  custom:container-demuxer-webm: 4f35f7cbe854078d1ac9338744f61a02 -> 
  custom:video-encoder-webm-vp8: eb34c28f22e8b96e1ab97ce403110664 -> 
  custom:audio-encoder-webm-vorbis: bf7c407c2cedff20999df2af8eb42d56 -> 
  custom:framework-win-MediaFoundation: 216162199b28c13a410421893ffa2e32 -> 
  custom:container-demuxer-ogg: 62fdf1f143b41e24485cea50d1cbac27 -> 
  custom:video-decoder-webm-vp8: 9c59270c3fd7afecdb556c50c9e8de78 -> 
  custom:audio-decoder-ogg-vorbis: bf7c407c2cedff20999df2af8eb42d56 -> 
========================================================================
Received Prepare
Registering precompiled user dll's ...
Registered in 0.010465 seconds.
Begin MonoManager ReloadAssembly
Native extension for WindowsStandalone target not found
Native extension for WebGL target not found
Refreshing native plugins compatible for Editor in 1.23 ms, found 3 plugins.
Preloading 0 native plugins for Editor in 0.00 ms.
Mono: successfully reloaded assembly
- Completed reload, in  2.118 seconds
Domain Reload Profiling:
	ReloadAssembly (2119ms)
		BeginReloadAssembly (279ms)
			ExecutionOrderSort (0ms)
			DisableScriptedObjects (8ms)
			BackupInstance (0ms)
			ReleaseScriptingObjects (0ms)
			CreateAndSetChildDomain (71ms)
		EndReloadAssembly (1673ms)
			LoadAssemblies (191ms)
			RebuildTransferFunctionScriptingTraits (0ms)
			SetupTypeCache (508ms)
			ReleaseScriptCaches (3ms)
			RebuildScriptCaches (83ms)
			SetupLoadedEditorAssemblies (850ms)
				LogAssemblyErrors (0ms)
				InitializePlatformSupportModulesInManaged (24ms)
				SetLoadedEditorAssemblies (1ms)
				RefreshPlugins (1ms)
				BeforeProcessingInitializeOnLoad (143ms)
				ProcessInitializeOnLoadAttributes (637ms)
				ProcessInitializeOnLoadMethodAttributes (38ms)
				AfterProcessingInitializeOnLoad (6ms)
				EditorAssembliesLoaded (0ms)
			ExecutionOrderSort2 (0ms)
			AwakeInstancesAfterBackupRestoration (16ms)
Platform modules already initialized, skipping
Refreshing native plugins compatible for Editor in 1.84 ms, found 3 plugins.
Preloading 0 native plugins for Editor in 0.00 ms.
Unloading 3707 Unused Serialized files (Serialized files now loaded: 0)
Unloading 33 unused Assets / (0.6 MB). Loaded Objects now: 4246.
Memory consumption went from 148.8 MB to 148.2 MB.
Total: 6.636500 ms (FindLiveObjects: 0.429700 ms CreateObjectMapping: 0.292400 ms MarkObjects: 5.556200 ms  DeleteObjects: 0.356700 ms)

AssetImportParameters requested are different than current active one (requested -> active):
  custom:video-decoder-ogg-theora: a1e56fd34408186e4bbccfd4996cb3dc -> 
  custom:container-muxer-webm: aa71ff27fc2769a1b78a27578f13a17b -> 
  custom:container-demuxer-webm: 4f35f7cbe854078d1ac9338744f61a02 -> 
  custom:video-encoder-webm-vp8: eb34c28f22e8b96e1ab97ce403110664 -> 
  custom:audio-encoder-webm-vorbis: bf7c407c2cedff20999df2af8eb42d56 -> 
  custom:framework-win-MediaFoundation: 216162199b28c13a410421893ffa2e32 -> 
  custom:container-demuxer-ogg: 62fdf1f143b41e24485cea50d1cbac27 -> 
  custom:video-decoder-webm-vp8: 9c59270c3fd7afecdb556c50c9e8de78 -> 
  custom:audio-decoder-ogg-vorbis: bf7c407c2cedff20999df2af8eb42d56 -> 
========================================================================
Received Import Request.
  Time since last request: 447.251270 seconds.
  path: Assets/Materials/iron-rusted4-Unity.zip
  artifactKey: Guid(59b4104e3c42aa54a9f78f9b4765df86) Importer(815301076,1909f56bfc062723c751e8b465ee728b)
Start importing Assets/Materials/iron-rusted4-Unity.zip using Guid(59b4104e3c42aa54a9f78f9b4765df86) Importer(815301076,1909f56bfc062723c751e8b465ee728b)  -> (artifact id: '44a44385d944dd5d0609a46667e248bc') in 0.035594 seconds 
========================================================================
Received Import Request.
  Time since last request: 10.023875 seconds.
  path: Assets/Materials/texture sources/oldplywood-ogl
  artifactKey: Guid(12d1fb38b6190c545ab620b77d089d17) Importer(815301076,1909f56bfc062723c751e8b465ee728b)
Start importing Assets/Materials/texture sources/oldplywood-ogl using Guid(12d1fb38b6190c545ab620b77d089d17) Importer(815301076,1909f56bfc062723c751e8b465ee728b)  -> (artifact id: 'caff0df98f170d029e7eb43919e08258') in 0.017411 seconds 
========================================================================
Received Import Request.
  Time since last request: 1.389009 seconds.
  path: Assets/Materials/texture sources/knotty-plywood-unity
  artifactKey: Guid(f2766b094218cc74aa4751121054fd84) Importer(815301076,1909f56bfc062723c751e8b465ee728b)
Start importing Assets/Materials/texture sources/knotty-plywood-unity using Guid(f2766b094218cc74aa4751121054fd84) Importer(815301076,1909f56bfc062723c751e8b465ee728b)  -> (artifact id: '22c25664a11eb91458c10789f67c46b9') in 0.014023 seconds 
========================================================================
Received Prepare
Registering precompiled user dll's ...
Registered in 0.016362 seconds.
Begin MonoManager ReloadAssembly
Native extension for WindowsStandalone target not found
Native extension for WebGL target not found
Refreshing native plugins compatible for Editor in 1.15 ms, found 3 plugins.
Preloading 0 native plugins for Editor in 0.00 ms.
Mono: successfully reloaded assembly
- Completed reload, in  2.220 seconds
Domain Reload Profiling:
	ReloadAssembly (2222ms)
		BeginReloadAssembly (292ms)
			ExecutionOrderSort (0ms)
			DisableScriptedObjects (9ms)
			BackupInstance (0ms)
			ReleaseScriptingObjects (0ms)
			CreateAndSetChildDomain (64ms)
		EndReloadAssembly (1729ms)
			LoadAssemblies (208ms)
			RebuildTransferFunctionScriptingTraits (0ms)
			SetupTypeCache (479ms)
			ReleaseScriptCaches (3ms)
			RebuildScriptCaches (92ms)
			SetupLoadedEditorAssemblies (914ms)
				LogAssemblyErrors (0ms)
				InitializePlatformSupportModulesInManaged (30ms)
				SetLoadedEditorAssemblies (1ms)
				RefreshPlugins (1ms)
				BeforeProcessingInitializeOnLoad (167ms)
				ProcessInitializeOnLoadAttributes (669ms)
				ProcessInitializeOnLoadMethodAttributes (42ms)
				AfterProcessingInitializeOnLoad (4ms)
				EditorAssembliesLoaded (0ms)
			ExecutionOrderSort2 (0ms)
			AwakeInstancesAfterBackupRestoration (13ms)
Platform modules already initialized, skipping
Refreshing native plugins compatible for Editor in 1.31 ms, found 3 plugins.
Preloading 0 native plugins for Editor in 0.00 ms.
Unloading 3707 Unused Serialized files (Serialized files now loaded: 0)
Unloading 33 unused Assets / (0.6 MB). Loaded Objects now: 4248.
Memory consumption went from 148.8 MB to 148.2 MB.
Total: 6.581800 ms (FindLiveObjects: 0.574900 ms CreateObjectMapping: 0.263700 ms MarkObjects: 5.448800 ms  DeleteObjects: 0.292200 ms)

AssetImportParameters requested are different than current active one (requested -> active):
  custom:video-decoder-ogg-theora: a1e56fd34408186e4bbccfd4996cb3dc -> 
  custom:container-muxer-webm: aa71ff27fc2769a1b78a27578f13a17b -> 
  custom:container-demuxer-webm: 4f35f7cbe854078d1ac9338744f61a02 -> 
  custom:video-encoder-webm-vp8: eb34c28f22e8b96e1ab97ce403110664 -> 
  custom:audio-encoder-webm-vorbis: bf7c407c2cedff20999df2af8eb42d56 -> 
  custom:framework-win-MediaFoundation: 216162199b28c13a410421893ffa2e32 -> 
  custom:container-demuxer-ogg: 62fdf1f143b41e24485cea50d1cbac27 -> 
  custom:video-decoder-webm-vp8: 9c59270c3fd7afecdb556c50c9e8de78 -> 
  custom:audio-decoder-ogg-vorbis: bf7c407c2cedff20999df2af8eb42d56 -> 
